# JRE version: Java(TM) SE Runtime Environment (8.0_92-b14) (build 1.8.0_92-b14)
# Java VM: Java HotSpot(TM) 64-Bit Server VM (25.92-b14 mixed mode linux-amd64 )
Heap:
 PSYoungGen      total 16852992K, used 0K [0x00007f3a5e900000, 0x00007f3ed8600000, 0x00007f3ed8600000)
  eden space 14932992K, 0% used [0x00007f3a5e900000,0x00007f3a5e900000,0x00007f3dee000000)
  from space 1920000K, 0% used [0x00007f3e63300000,0x00007f3e63300000,0x00007f3ed8600000)
  to   space 1920000K, 0% used [0x00007f3dee000000,0x00007f3dee000000,0x00007f3e63300000)
 ParOldGen       total 30720000K, used 23390635K [0x00007f316ae00000, 0x00007f38bde00000, 0x00007f3a5e900000)
  object space 30720000K, 76% used [0x00007f316ae00000,0x00007f36fe86ac18,0x00007f38bde00000)
 Metaspace       used 9779K, capacity 10087K, committed 10240K, reserved 10240K
GC Heap History (9 events):
Event: 28,357 GC heap before
{Heap before GC invocations=1 (full 0):
 PSYoungGen      total 13440000K, used 11520000K [0x00007f3a5e900000, 0x00007f3e08100000, 0x00007f3ed8600000)
  eden space 11520000K, 100% used [0x00007f3a5e900000,0x00007f3d1db00000,0x00007f3d1db00000)
  from space 1920000K, 0% used [0x00007f3d92e00000,0x00007f3d92e00000,0x00007f3e08100000)
  to   space 1920000K, 0% used [0x00007f3d1db00000,0x00007f3d1db00000,0x00007f3d92e00000)
 ParOldGen       total 30720000K, used 0K [0x00007f316ae00000, 0x00007f38bde00000, 0x00007f3a5e900000)
  object space 30720000K, 0% used [0x00007f316ae00000,0x00007f316ae00000,0x00007f38bde00000)
 Metaspace       used 9746K, capacity 10087K, committed 10240K, reserved 10240K
Event: 30,281 GC heap after
Heap after GC invocations=1 (full 0):
 PSYoungGen      total 13440000K, used 1919976K [0x00007f3a5e900000, 0x00007f3ed8600000, 0x00007f3ed8600000)
  eden space 11520000K, 0% used [0x00007f3a5e900000,0x00007f3a5e900000,0x00007f3d1db00000)
  from space 1920000K, 99% used [0x00007f3d1db00000,0x00007f3d92dfa2e8,0x00007f3d92e00000)
  to   space 1920000K, 0% used [0x00007f3e63300000,0x00007f3e63300000,0x00007f3ed8600000)
 ParOldGen       total 30720000K, used 1707809K [0x00007f316ae00000, 0x00007f38bde00000, 0x00007f3a5e900000)
  object space 30720000K, 5% used [0x00007f316ae00000,0x00007f31d31c8768,0x00007f38bde00000)
 Metaspace       used 9746K, capacity 10087K, committed 10240K, reserved 10240K
}
Event: 80,756 GC heap before
{Heap before GC invocations=2 (full 0):
 PSYoungGen      total 13440000K, used 13439976K [0x00007f3a5e900000, 0x00007f3ed8600000, 0x00007f3ed8600000)
  eden space 11520000K, 100% used [0x00007f3a5e900000,0x00007f3d1db00000,0x00007f3d1db00000)
  from space 1920000K, 99% used [0x00007f3d1db00000,0x00007f3d92dfa2e8,0x00007f3d92e00000)
  to   space 1920000K, 0% used [0x00007f3e63300000,0x00007f3e63300000,0x00007f3ed8600000)
 ParOldGen       total 30720000K, used 1707809K [0x00007f316ae00000, 0x00007f38bde00000, 0x00007f3a5e900000)
  object space 30720000K, 5% used [0x00007f316ae00000,0x00007f31d31c8768,0x00007f38bde00000)
 Metaspace       used 9756K, capacity 10087K, committed 10240K, reserved 10240K
Event: 84,186 GC heap after
Heap after GC invocations=2 (full 0):
 PSYoungGen      total 16852992K, used 1919985K [0x00007f3a5e900000, 0x00007f3ed8600000, 0x00007f3ed8600000)
  eden space 14932992K, 0% used [0x00007f3a5e900000,0x00007f3a5e900000,0x00007f3dee000000)
  from space 1920000K, 99% used [0x00007f3e63300000,0x00007f3ed85fc6f0,0x00007f3ed8600000)
  to   space 1920000K, 0% used [0x00007f3dee000000,0x00007f3dee000000,0x00007f3e63300000)
 ParOldGen       total 30720000K, used 7072604K [0x00007f316ae00000, 0x00007f38bde00000, 0x00007f3a5e900000)
  object space 30720000K, 23% used [0x00007f316ae00000,0x00007f331a8d73c8,0x00007f38bde00000)
 Metaspace       used 9756K, capacity 10087K, committed 10240K, reserved 10240K
}
Event: 150,825 GC heap before
{Heap before GC invocations=3 (full 0):
 PSYoungGen      total 16852992K, used 16852977K [0x00007f3a5e900000, 0x00007f3ed8600000, 0x00007f3ed8600000)
  eden space 14932992K, 100% used [0x00007f3a5e900000,0x00007f3dee000000,0x00007f3dee000000)
  from space 1920000K, 99% used [0x00007f3e63300000,0x00007f3ed85fc6f0,0x00007f3ed8600000)
  to   space 1920000K, 0% used [0x00007f3dee000000,0x00007f3dee000000,0x00007f3e63300000)
 ParOldGen       total 30720000K, used 7072604K [0x00007f316ae00000, 0x00007f38bde00000, 0x00007f3a5e900000)
  object space 30720000K, 23% used [0x00007f316ae00000,0x00007f331a8d73c8,0x00007f38bde00000)
 Metaspace       used 9761K, capacity 10087K, committed 10240K, reserved 10240K
Event: 157,160 GC heap after
Heap after GC invocations=3 (full 0):
 PSYoungGen      total 16852992K, used 1919976K [0x00007f3a5e900000, 0x00007f3ed8600000, 0x00007f3ed8600000)
  eden space 14932992K, 0% used [0x00007f3a5e900000,0x00007f3a5e900000,0x00007f3dee000000)
  from space 1920000K, 99% used [0x00007f3dee000000,0x00007f3e632fa320,0x00007f3e63300000)
  to   space 1920000K, 0% used [0x00007f3e63300000,0x00007f3e63300000,0x00007f3ed8600000)
 ParOldGen       total 30720000K, used 15121733K [0x00007f316ae00000, 0x00007f38bde00000, 0x00007f3a5e900000)
  object space 30720000K, 49% used [0x00007f316ae00000,0x00007f3505d51620,0x00007f38bde00000)
 Metaspace       used 9761K, capacity 10087K, committed 10240K, reserved 10240K
}
Event: 227,454 GC heap before
{Heap before GC invocations=4 (full 0):
 PSYoungGen      total 16852992K, used 16852968K [0x00007f3a5e900000, 0x00007f3ed8600000, 0x00007f3ed8600000)
  eden space 14932992K, 100% used [0x00007f3a5e900000,0x00007f3dee000000,0x00007f3dee000000)
  from space 1920000K, 99% used [0x00007f3dee000000,0x00007f3e632fa320,0x00007f3e63300000)
  to   space 1920000K, 0% used [0x00007f3e63300000,0x00007f3e63300000,0x00007f3ed8600000)
 ParOldGen       total 30720000K, used 15121733K [0x00007f316ae00000, 0x00007f38bde00000, 0x00007f3a5e900000)
  object space 30720000K, 49% used [0x00007f316ae00000,0x00007f3505d51620,0x00007f38bde00000)
 Metaspace       used 9779K, capacity 10087K, committed 10240K, reserved 10240K
Event: 240,053 GC heap after
Heap after GC invocations=4 (full 0):
 PSYoungGen      total 16852992K, used 1919994K [0x00007f3a5e900000, 0x00007f3ed8600000, 0x00007f3ed8600000)
  eden space 14932992K, 0% used [0x00007f3a5e900000,0x00007f3a5e900000,0x00007f3dee000000)
  from space 1920000K, 99% used [0x00007f3e63300000,0x00007f3ed85fe8e0,0x00007f3ed8600000)
  to   space 1920000K, 0% used [0x00007f3dee000000,0x00007f3dee000000,0x00007f3e63300000)
 ParOldGen       total 30720000K, used 24100153K [0x00007f316ae00000, 0x00007f38bde00000, 0x00007f3a5e900000)
  object space 30720000K, 78% used [0x00007f316ae00000,0x00007f3729d4e5d8,0x00007f38bde00000)
 Metaspace       used 9779K, capacity 10087K, committed 10240K, reserved 10240K
}
Event: 240,053 GC heap before
{Heap before GC invocations=5 (full 1):
 PSYoungGen      total 16852992K, used 1919994K [0x00007f3a5e900000, 0x00007f3ed8600000, 0x00007f3ed8600000)
  eden space 14932992K, 0% used [0x00007f3a5e900000,0x00007f3a5e900000,0x00007f3dee000000)
  from space 1920000K, 99% used [0x00007f3e63300000,0x00007f3ed85fe8e0,0x00007f3ed8600000)
  to   space 1920000K, 0% used [0x00007f3dee000000,0x00007f3dee000000,0x00007f3e63300000)
 ParOldGen       total 30720000K, used 24100153K [0x00007f316ae00000, 0x00007f38bde00000, 0x00007f3a5e900000)
  object space 30720000K, 78% used [0x00007f316ae00000,0x00007f3729d4e5d8,0x00007f38bde00000)
 Metaspace       used 9779K, capacity 10087K, committed 10240K, reserved 10240K

