# JRE version: Java(TM) SE Runtime Environment (8.0_92-b14) (build 1.8.0_92-b14)
# Java VM: Java HotSpot(TM) 64-Bit Server VM (25.92-b14 mixed mode linux-amd64 )
Heap:
 PSYoungGen      total 19413504K, used 0K [0x00007fc273000000, 0x00007fc755000000, 0x00007fc755000000)
  eden space 18347008K, 0% used [0x00007fc273000000,0x00007fc273000000,0x00007fc6d2d00000)
  from space 1066496K, 0% used [0x00007fc713e80000,0x00007fc713e80000,0x00007fc755000000)
  to   space 1066496K, 0% used [0x00007fc6d2d00000,0x00007fc6d2d00000,0x00007fc713e80000)
 ParOldGen       total 29846528K, used 23537537K [0x00007fb8af000000, 0x00007fbfccb00000, 0x00007fc273000000)
  object space 29846528K, 78% used [0x00007fb8af000000,0x00007fbe4b9e06a8,0x00007fbfccb00000)
 Metaspace       used 9671K, capacity 10016K, committed 10240K, reserved 10240K
GC Heap History (10 events):
Event: 3,977 GC heap after
Heap after GC invocations=1 (full 0):
 PSYoungGen      total 7466496K, used 208505K [0x00007fc273000000, 0x00007fc602700000, 0x00007fc755000000)
  eden space 6400000K, 0% used [0x00007fc273000000,0x00007fc273000000,0x00007fc3f9a00000)
  from space 1066496K, 19% used [0x00007fc3f9a00000,0x00007fc40659e780,0x00007fc43ab80000)
  to   space 1066496K, 0% used [0x00007fc5c1580000,0x00007fc5c1580000,0x00007fc602700000)
 ParOldGen       total 17067008K, used 16K [0x00007fb8af000000, 0x00007fbcc0b00000, 0x00007fc273000000)
  object space 17067008K, 0% used [0x00007fb8af000000,0x00007fb8af004000,0x00007fbcc0b00000)
 Metaspace       used 9636K, capacity 10016K, committed 10240K, reserved 10240K
}
Event: 7,613 GC heap before
{Heap before GC invocations=2 (full 0):
 PSYoungGen      total 7466496K, used 6608505K [0x00007fc273000000, 0x00007fc602700000, 0x00007fc755000000)
  eden space 6400000K, 100% used [0x00007fc273000000,0x00007fc3f9a00000,0x00007fc3f9a00000)
  from space 1066496K, 19% used [0x00007fc3f9a00000,0x00007fc40659e780,0x00007fc43ab80000)
  to   space 1066496K, 0% used [0x00007fc5c1580000,0x00007fc5c1580000,0x00007fc602700000)
 ParOldGen       total 17067008K, used 16K [0x00007fb8af000000, 0x00007fbcc0b00000, 0x00007fc273000000)
  object space 17067008K, 0% used [0x00007fb8af000000,0x00007fb8af004000,0x00007fbcc0b00000)
 Metaspace       used 9637K, capacity 10016K, committed 10240K, reserved 10240K
Event: 7,708 GC heap after
Heap after GC invocations=2 (full 0):
 PSYoungGen      total 13866496K, used 208472K [0x00007fc273000000, 0x00007fc602700000, 0x00007fc755000000)
  eden space 12800000K, 0% used [0x00007fc273000000,0x00007fc273000000,0x00007fc580400000)
  from space 1066496K, 19% used [0x00007fc5c1580000,0x00007fc5ce116350,0x00007fc602700000)
  to   space 1066496K, 0% used [0x00007fc580400000,0x00007fc580400000,0x00007fc5c1580000)
 ParOldGen       total 17067008K, used 24K [0x00007fb8af000000, 0x00007fbcc0b00000, 0x00007fc273000000)
  object space 17067008K, 0% used [0x00007fb8af000000,0x00007fb8af006000,0x00007fbcc0b00000)
 Metaspace       used 9637K, capacity 10016K, committed 10240K, reserved 10240K
}
Event: 9,729 GC heap before
{Heap before GC invocations=3 (full 0):
 PSYoungGen      total 13866496K, used 12999057K [0x00007fc273000000, 0x00007fc602700000, 0x00007fc755000000)
  eden space 12800000K, 99% used [0x00007fc273000000,0x00007fc57face0c8,0x00007fc580400000)
  from space 1066496K, 19% used [0x00007fc5c1580000,0x00007fc5ce116350,0x00007fc602700000)
  to   space 1066496K, 0% used [0x00007fc580400000,0x00007fc580400000,0x00007fc5c1580000)
 ParOldGen       total 17067008K, used 24K [0x00007fb8af000000, 0x00007fbcc0b00000, 0x00007fc273000000)
  object space 17067008K, 0% used [0x00007fb8af000000,0x00007fb8af006000,0x00007fbcc0b00000)
 Metaspace       used 9671K, capacity 10016K, committed 10240K, reserved 10240K
Event: 10,969 GC heap after
Heap after GC invocations=3 (full 0):
 PSYoungGen      total 13866496K, used 1066490K [0x00007fc273000000, 0x00007fc755000000, 0x00007fc755000000)
  eden space 12800000K, 0% used [0x00007fc273000000,0x00007fc273000000,0x00007fc580400000)
  from space 1066496K, 99% used [0x00007fc580400000,0x00007fc5c157e8b0,0x00007fc5c1580000)
  to   space 1066496K, 0% used [0x00007fc713e80000,0x00007fc713e80000,0x00007fc755000000)
 ParOldGen       total 17067008K, used 9696850K [0x00007fb8af000000, 0x00007fbcc0b00000, 0x00007fc273000000)
  object space 17067008K, 56% used [0x00007fb8af000000,0x00007fbafed94958,0x00007fbcc0b00000)
 Metaspace       used 9671K, capacity 10016K, committed 10240K, reserved 10240K
}
Event: 10,969 GC heap before
{Heap before GC invocations=4 (full 1):
 PSYoungGen      total 13866496K, used 1066490K [0x00007fc273000000, 0x00007fc755000000, 0x00007fc755000000)
  eden space 12800000K, 0% used [0x00007fc273000000,0x00007fc273000000,0x00007fc580400000)
  from space 1066496K, 99% used [0x00007fc580400000,0x00007fc5c157e8b0,0x00007fc5c1580000)
  to   space 1066496K, 0% used [0x00007fc713e80000,0x00007fc713e80000,0x00007fc755000000)
 ParOldGen       total 17067008K, used 9696850K [0x00007fb8af000000, 0x00007fbcc0b00000, 0x00007fc273000000)
  object space 17067008K, 56% used [0x00007fb8af000000,0x00007fbafed94958,0x00007fbcc0b00000)
 Metaspace       used 9671K, capacity 10016K, committed 10240K, reserved 10240K
Event: 12,676 GC heap after
Heap after GC invocations=4 (full 1):
 PSYoungGen      total 13866496K, used 0K [0x00007fc273000000, 0x00007fc755000000, 0x00007fc755000000)
  eden space 12800000K, 0% used [0x00007fc273000000,0x00007fc273000000,0x00007fc580400000)
  from space 1066496K, 0% used [0x00007fc580400000,0x00007fc580400000,0x00007fc5c1580000)
  to   space 1066496K, 0% used [0x00007fc713e80000,0x00007fc713e80000,0x00007fc755000000)
 ParOldGen       total 29846528K, used 10762041K [0x00007fb8af000000, 0x00007fbfccb00000, 0x00007fc273000000)
  object space 29846528K, 36% used [0x00007fb8af000000,0x00007fbb3fdce678,0x00007fbfccb00000)
 Metaspace       used 9671K, capacity 10016K, committed 10240K, reserved 10240K
}
Event: 13,596 GC heap before
{Heap before GC invocations=5 (full 1):
 PSYoungGen      total 13866496K, used 12797007K [0x00007fc273000000, 0x00007fc755000000, 0x00007fc755000000)
  eden space 12800000K, 99% used [0x00007fc273000000,0x00007fc580113ff0,0x00007fc580400000)
  from space 1066496K, 0% used [0x00007fc580400000,0x00007fc580400000,0x00007fc5c1580000)
  to   space 1066496K, 0% used [0x00007fc713e80000,0x00007fc713e80000,0x00007fc755000000)
 ParOldGen       total 29846528K, used 10762041K [0x00007fb8af000000, 0x00007fbfccb00000, 0x00007fc273000000)
  object space 29846528K, 36% used [0x00007fb8af000000,0x00007fbb3fdce678,0x00007fbfccb00000)
 Metaspace       used 9671K, capacity 10016K, committed 10240K, reserved 10240K
Event: 16,982 GC heap after
Heap after GC invocations=5 (full 1):
 PSYoungGen      total 19413504K, used 1045532K [0x00007fc273000000, 0x00007fc755000000, 0x00007fc755000000)
  eden space 18347008K, 0% used [0x00007fc273000000,0x00007fc273000000,0x00007fc6d2d00000)
  from space 1066496K, 98% used [0x00007fc713e80000,0x00007fc753b873d8,0x00007fc755000000)
  to   space 1066496K, 0% used [0x00007fc6d2d00000,0x00007fc6d2d00000,0x00007fc713e80000)
 ParOldGen       total 29846528K, used 22492052K [0x00007fb8af000000, 0x00007fbfccb00000, 0x00007fc273000000)
  object space 29846528K, 75% used [0x00007fb8af000000,0x00007fbe0bce5198,0x00007fbfccb00000)
 Metaspace       used 9671K, capacity 10016K, committed 10240K, reserved 10240K
}
Event: 16,982 GC heap before
{Heap before GC invocations=6 (full 2):
 PSYoungGen      total 19413504K, used 1045532K [0x00007fc273000000, 0x00007fc755000000, 0x00007fc755000000)
  eden space 18347008K, 0% used [0x00007fc273000000,0x00007fc273000000,0x00007fc6d2d00000)
  from space 1066496K, 98% used [0x00007fc713e80000,0x00007fc753b873d8,0x00007fc755000000)
  to   space 1066496K, 0% used [0x00007fc6d2d00000,0x00007fc6d2d00000,0x00007fc713e80000)
 ParOldGen       total 29846528K, used 22492052K [0x00007fb8af000000, 0x00007fbfccb00000, 0x00007fc273000000)
  object space 29846528K, 75% used [0x00007fb8af000000,0x00007fbe0bce5198,0x00007fbfccb00000)
 Metaspace       used 9671K, capacity 10016K, committed 10240K, reserved 10240K

