# JRE version: Java(TM) SE Runtime Environment (8.0_92-b14) (build 1.8.0_92-b14)
# Java VM: Java HotSpot(TM) 64-Bit Server VM (25.92-b14 mixed mode linux-amd64 )
Heap:
 PSYoungGen      total 13866496K, used 0K [0x00007f3f26000000, 0x00007f4408000000, 0x00007f4408000000)
  eden space 12800000K, 0% used [0x00007f3f26000000,0x00007f3f26000000,0x00007f4233400000)
  from space 1066496K, 0% used [0x00007f4233400000,0x00007f4233400000,0x00007f4274580000)
  to   space 1066496K, 0% used [0x00007f43c6e80000,0x00007f43c6e80000,0x00007f4408000000)
 ParOldGen       total 17067008K, used 15870746K [0x00007f3562000000, 0x00007f3973b00000, 0x00007f3f26000000)
  object space 17067008K, 92% used [0x00007f3562000000,0x00007f392aac69d0,0x00007f3973b00000)
 Metaspace       used 10486K, capacity 10868K, committed 11008K, reserved 12288K
GC Heap History (7 events):
Event: 11,223 GC heap before
{Heap before GC invocations=1 (full 0):
 PSYoungGen      total 7466496K, used 6400000K [0x00007f3f26000000, 0x00007f412ed00000, 0x00007f4408000000)
  eden space 6400000K, 100% used [0x00007f3f26000000,0x00007f40aca00000,0x00007f40aca00000)
  from space 1066496K, 0% used [0x00007f40edb80000,0x00007f40edb80000,0x00007f412ed00000)
  to   space 1066496K, 0% used [0x00007f40aca00000,0x00007f40aca00000,0x00007f40edb80000)
 ParOldGen       total 17067008K, used 0K [0x00007f3562000000, 0x00007f3973b00000, 0x00007f3f26000000)
  object space 17067008K, 0% used [0x00007f3562000000,0x00007f3562000000,0x00007f3973b00000)
 Metaspace       used 10481K, capacity 10868K, committed 11008K, reserved 12288K
Event: 13,442 GC heap after
Heap after GC invocations=1 (full 0):
 PSYoungGen      total 7466496K, used 1066481K [0x00007f3f26000000, 0x00007f42b5700000, 0x00007f4408000000)
  eden space 6400000K, 0% used [0x00007f3f26000000,0x00007f3f26000000,0x00007f40aca00000)
  from space 1066496K, 99% used [0x00007f40aca00000,0x00007f40edb7c5c0,0x00007f40edb80000)
  to   space 1066496K, 0% used [0x00007f4274580000,0x00007f4274580000,0x00007f42b5700000)
 ParOldGen       total 17067008K, used 2826460K [0x00007f3562000000, 0x00007f3973b00000, 0x00007f3f26000000)
  object space 17067008K, 16% used [0x00007f3562000000,0x00007f360e837238,0x00007f3973b00000)
 Metaspace       used 10481K, capacity 10868K, committed 11008K, reserved 12288K
}
Event: 22,797 GC heap before
{Heap before GC invocations=2 (full 0):
 PSYoungGen      total 7466496K, used 7466481K [0x00007f3f26000000, 0x00007f42b5700000, 0x00007f4408000000)
  eden space 6400000K, 100% used [0x00007f3f26000000,0x00007f40aca00000,0x00007f40aca00000)
  from space 1066496K, 99% used [0x00007f40aca00000,0x00007f40edb7c5c0,0x00007f40edb80000)
  to   space 1066496K, 0% used [0x00007f4274580000,0x00007f4274580000,0x00007f42b5700000)
 ParOldGen       total 17067008K, used 2826460K [0x00007f3562000000, 0x00007f3973b00000, 0x00007f3f26000000)
  object space 17067008K, 16% used [0x00007f3562000000,0x00007f360e837238,0x00007f3973b00000)
 Metaspace       used 10484K, capacity 10868K, committed 11008K, reserved 12288K
Event: 25,681 GC heap after
Heap after GC invocations=2 (full 0):
 PSYoungGen      total 13866496K, used 1066481K [0x00007f3f26000000, 0x00007f42b5700000, 0x00007f4408000000)
  eden space 12800000K, 0% used [0x00007f3f26000000,0x00007f3f26000000,0x00007f4233400000)
  from space 1066496K, 99% used [0x00007f4274580000,0x00007f42b56fc5c8,0x00007f42b5700000)
  to   space 1066496K, 0% used [0x00007f4233400000,0x00007f4233400000,0x00007f4274580000)
 ParOldGen       total 17067008K, used 7651062K [0x00007f3562000000, 0x00007f3973b00000, 0x00007f3f26000000)
  object space 17067008K, 44% used [0x00007f3562000000,0x00007f3734fbd820,0x00007f3973b00000)
 Metaspace       used 10484K, capacity 10868K, committed 11008K, reserved 12288K
}
Event: 45,320 GC heap before
{Heap before GC invocations=3 (full 0):
 PSYoungGen      total 13866496K, used 13866481K [0x00007f3f26000000, 0x00007f42b5700000, 0x00007f4408000000)
  eden space 12800000K, 100% used [0x00007f3f26000000,0x00007f4233400000,0x00007f4233400000)
  from space 1066496K, 99% used [0x00007f4274580000,0x00007f42b56fc5c8,0x00007f42b5700000)
  to   space 1066496K, 0% used [0x00007f4233400000,0x00007f4233400000,0x00007f4274580000)
 ParOldGen       total 17067008K, used 7651062K [0x00007f3562000000, 0x00007f3973b00000, 0x00007f3f26000000)
  object space 17067008K, 44% used [0x00007f3562000000,0x00007f3734fbd820,0x00007f3973b00000)
 Metaspace       used 10486K, capacity 10868K, committed 11008K, reserved 12288K
Event: 52,132 GC heap after
Heap after GC invocations=3 (full 0):
 PSYoungGen      total 13866496K, used 1066465K [0x00007f3f26000000, 0x00007f4408000000, 0x00007f4408000000)
  eden space 12800000K, 0% used [0x00007f3f26000000,0x00007f3f26000000,0x00007f4233400000)
  from space 1066496K, 99% used [0x00007f4233400000,0x00007f42745785d0,0x00007f4274580000)
  to   space 1066496K, 0% used [0x00007f43c6e80000,0x00007f43c6e80000,0x00007f4408000000)
 ParOldGen       total 17067008K, used 16552856K [0x00007f3562000000, 0x00007f3973b00000, 0x00007f3f26000000)
  object space 17067008K, 96% used [0x00007f3562000000,0x00007f39544e60a0,0x00007f3973b00000)
 Metaspace       used 10486K, capacity 10868K, committed 11008K, reserved 12288K
}
Event: 52,132 GC heap before
{Heap before GC invocations=4 (full 1):
 PSYoungGen      total 13866496K, used 1066465K [0x00007f3f26000000, 0x00007f4408000000, 0x00007f4408000000)
  eden space 12800000K, 0% used [0x00007f3f26000000,0x00007f3f26000000,0x00007f4233400000)
  from space 1066496K, 99% used [0x00007f4233400000,0x00007f42745785d0,0x00007f4274580000)
  to   space 1066496K, 0% used [0x00007f43c6e80000,0x00007f43c6e80000,0x00007f4408000000)
 ParOldGen       total 17067008K, used 16552856K [0x00007f3562000000, 0x00007f3973b00000, 0x00007f3f26000000)
  object space 17067008K, 96% used [0x00007f3562000000,0x00007f39544e60a0,0x00007f3973b00000)
 Metaspace       used 10486K, capacity 10868K, committed 11008K, reserved 12288K

