# JRE version: Java(TM) SE Runtime Environment (8.0_92-b14) (build 1.8.0_92-b14)
# Java VM: Java HotSpot(TM) 64-Bit Server VM (25.92-b14 mixed mode linux-amd64 )
Heap:
 PSYoungGen      total 11377664K, used 0K [0x00007f40cb180000, 0x00007f44dcc00000, 0x00007f44dcc00000)
  eden space 5688832K, 0% used [0x00007f40cb180000,0x00007f40cb180000,0x00007f4226500000)
  from space 5688832K, 0% used [0x00007f4381880000,0x00007f4381880000,0x00007f44dcc00000)
  to   space 5688832K, 0% used [0x00007f4226500000,0x00007f4226500000,0x00007f4381880000)
 ParOldGen       total 17067008K, used 14915608K [0x00007f38a7c00000, 0x00007f3cb9700000, 0x00007f40cb180000)
  object space 17067008K, 87% used [0x00007f38a7c00000,0x00007f3c36206370,0x00007f3cb9700000)
 Metaspace       used 11118K, capacity 11564K, committed 11776K, reserved 12288K
GC Heap History (10 events):
Event: 130,447 GC heap after
Heap after GC invocations=6 (full 0):
 PSYoungGen      total 6755328K, used 1066480K [0x00007f40cb180000, 0x00007f44dcc00000, 0x00007f44dcc00000)
  eden space 5688832K, 0% used [0x00007f40cb180000,0x00007f40cb180000,0x00007f4226500000)
  from space 1066496K, 99% used [0x00007f449ba80000,0x00007f44dcbfc018,0x00007f44dcc00000)
  to   space 5688832K, 0% used [0x00007f4226500000,0x00007f4226500000,0x00007f4381880000)
 ParOldGen       total 17067008K, used 11275368K [0x00007f38a7c00000, 0x00007f3cb9700000, 0x00007f40cb180000)
  object space 17067008K, 66% used [0x00007f38a7c00000,0x00007f3b57f1a0f0,0x00007f3cb9700000)
 Metaspace       used 9953K, capacity 10324K, committed 10496K, reserved 12288K
}
Event: 147,370 GC heap before
{Heap before GC invocations=7 (full 0):
 PSYoungGen      total 6755328K, used 6755312K [0x00007f40cb180000, 0x00007f44dcc00000, 0x00007f44dcc00000)
  eden space 5688832K, 100% used [0x00007f40cb180000,0x00007f4226500000,0x00007f4226500000)
  from space 1066496K, 99% used [0x00007f449ba80000,0x00007f44dcbfc018,0x00007f44dcc00000)
  to   space 5688832K, 0% used [0x00007f4226500000,0x00007f4226500000,0x00007f4381880000)
 ParOldGen       total 17067008K, used 11275368K [0x00007f38a7c00000, 0x00007f3cb9700000, 0x00007f40cb180000)
  object space 17067008K, 66% used [0x00007f38a7c00000,0x00007f3b57f1a0f0,0x00007f3cb9700000)
 Metaspace       used 9958K, capacity 10324K, committed 10496K, reserved 12288K
Event: 148,818 GC heap after
Heap after GC invocations=7 (full 0):
 PSYoungGen      total 11377664K, used 2886528K [0x00007f40cb180000, 0x00007f44dcc00000, 0x00007f44dcc00000)
  eden space 5688832K, 0% used [0x00007f40cb180000,0x00007f40cb180000,0x00007f4226500000)
  from space 5688832K, 50% used [0x00007f4226500000,0x00007f42d67e0000,0x00007f4381880000)
  to   space 5688832K, 0% used [0x00007f4381880000,0x00007f4381880000,0x00007f44dcc00000)
 ParOldGen       total 17067008K, used 11275991K [0x00007f38a7c00000, 0x00007f3cb9700000, 0x00007f40cb180000)
  object space 17067008K, 66% used [0x00007f38a7c00000,0x00007f3b57fb5db8,0x00007f3cb9700000)
 Metaspace       used 9958K, capacity 10324K, committed 10496K, reserved 12288K
}
Event: 176,584 GC heap before
{Heap before GC invocations=8 (full 0):
 PSYoungGen      total 11377664K, used 8575360K [0x00007f40cb180000, 0x00007f44dcc00000, 0x00007f44dcc00000)
  eden space 5688832K, 100% used [0x00007f40cb180000,0x00007f4226500000,0x00007f4226500000)
  from space 5688832K, 50% used [0x00007f4226500000,0x00007f42d67e0000,0x00007f4381880000)
  to   space 5688832K, 0% used [0x00007f4381880000,0x00007f4381880000,0x00007f44dcc00000)
 ParOldGen       total 17067008K, used 11275991K [0x00007f38a7c00000, 0x00007f3cb9700000, 0x00007f40cb180000)
  object space 17067008K, 66% used [0x00007f38a7c00000,0x00007f3b57fb5db8,0x00007f3cb9700000)
 Metaspace       used 11118K, capacity 11564K, committed 11776K, reserved 12288K
Event: 178,173 GC heap after
Heap after GC invocations=8 (full 0):
 PSYoungGen      total 11377664K, used 4312352K [0x00007f40cb180000, 0x00007f44dcc00000, 0x00007f44dcc00000)
  eden space 5688832K, 0% used [0x00007f40cb180000,0x00007f40cb180000,0x00007f4226500000)
  from space 5688832K, 75% used [0x00007f4381880000,0x00007f4488bc8040,0x00007f44dcc00000)
  to   space 5688832K, 0% used [0x00007f4226500000,0x00007f4226500000,0x00007f4381880000)
 ParOldGen       total 17067008K, used 11559935K [0x00007f38a7c00000, 0x00007f3cb9700000, 0x00007f40cb180000)
  object space 17067008K, 67% used [0x00007f38a7c00000,0x00007f3b694fffc8,0x00007f3cb9700000)
 Metaspace       used 11118K, capacity 11564K, committed 11776K, reserved 12288K
}
Event: 214,938 GC heap before
{Heap before GC invocations=9 (full 0):
 PSYoungGen      total 11377664K, used 10001184K [0x00007f40cb180000, 0x00007f44dcc00000, 0x00007f44dcc00000)
  eden space 5688832K, 100% used [0x00007f40cb180000,0x00007f4226500000,0x00007f4226500000)
  from space 5688832K, 75% used [0x00007f4381880000,0x00007f4488bc8040,0x00007f44dcc00000)
  to   space 5688832K, 0% used [0x00007f4226500000,0x00007f4226500000,0x00007f4381880000)
 ParOldGen       total 17067008K, used 11559935K [0x00007f38a7c00000, 0x00007f3cb9700000, 0x00007f40cb180000)
  object space 17067008K, 67% used [0x00007f38a7c00000,0x00007f3b694fffc8,0x00007f3cb9700000)
 Metaspace       used 11118K, capacity 11564K, committed 11776K, reserved 12288K
Event: 216,476 GC heap after
Heap after GC invocations=9 (full 0):
 PSYoungGen      total 11377664K, used 4508128K [0x00007f40cb180000, 0x00007f44dcc00000, 0x00007f44dcc00000)
  eden space 5688832K, 0% used [0x00007f40cb180000,0x00007f40cb180000,0x00007f4226500000)
  from space 5688832K, 79% used [0x00007f4226500000,0x00007f4339778040,0x00007f4381880000)
  to   space 5688832K, 0% used [0x00007f4381880000,0x00007f4381880000,0x00007f44dcc00000)
 ParOldGen       total 17067008K, used 12243697K [0x00007f38a7c00000, 0x00007f3cb9700000, 0x00007f40cb180000)
  object space 17067008K, 71% used [0x00007f38a7c00000,0x00007f3b930bc690,0x00007f3cb9700000)
 Metaspace       used 11118K, capacity 11564K, committed 11776K, reserved 12288K
}
Event: 248,705 GC heap before
{Heap before GC invocations=10 (full 0):
 PSYoungGen      total 11377664K, used 10196960K [0x00007f40cb180000, 0x00007f44dcc00000, 0x00007f44dcc00000)
  eden space 5688832K, 100% used [0x00007f40cb180000,0x00007f4226500000,0x00007f4226500000)
  from space 5688832K, 79% used [0x00007f4226500000,0x00007f4339778040,0x00007f4381880000)
  to   space 5688832K, 0% used [0x00007f4381880000,0x00007f4381880000,0x00007f44dcc00000)
 ParOldGen       total 17067008K, used 12243697K [0x00007f38a7c00000, 0x00007f3cb9700000, 0x00007f40cb180000)
  object space 17067008K, 71% used [0x00007f38a7c00000,0x00007f3b930bc690,0x00007f3cb9700000)
 Metaspace       used 11118K, capacity 11564K, committed 11776K, reserved 12288K
Event: 255,290 GC heap after
Heap after GC invocations=10 (full 0):
 PSYoungGen      total 11377664K, used 2343648K [0x00007f40cb180000, 0x00007f44dcc00000, 0x00007f44dcc00000)
  eden space 5688832K, 0% used [0x00007f40cb180000,0x00007f40cb180000,0x00007f4226500000)
  from space 5688832K, 41% used [0x00007f4381880000,0x00007f4410938040,0x00007f44dcc00000)
  to   space 5688832K, 0% used [0x00007f4226500000,0x00007f4226500000,0x00007f4381880000)
 ParOldGen       total 17067008K, used 15836993K [0x00007f38a7c00000, 0x00007f3cb9700000, 0x00007f40cb180000)
  object space 17067008K, 92% used [0x00007f38a7c00000,0x00007f3c6e5d0720,0x00007f3cb9700000)
 Metaspace       used 11118K, capacity 11564K, committed 11776K, reserved 12288K
}
Event: 255,290 GC heap before
{Heap before GC invocations=11 (full 1):
 PSYoungGen      total 11377664K, used 2343648K [0x00007f40cb180000, 0x00007f44dcc00000, 0x00007f44dcc00000)
  eden space 5688832K, 0% used [0x00007f40cb180000,0x00007f40cb180000,0x00007f4226500000)
  from space 5688832K, 41% used [0x00007f4381880000,0x00007f4410938040,0x00007f44dcc00000)
  to   space 5688832K, 0% used [0x00007f4226500000,0x00007f4226500000,0x00007f4381880000)
 ParOldGen       total 17067008K, used 15836993K [0x00007f38a7c00000, 0x00007f3cb9700000, 0x00007f40cb180000)
  object space 17067008K, 92% used [0x00007f38a7c00000,0x00007f3c6e5d0720,0x00007f3cb9700000)
 Metaspace       used 11118K, capacity 11564K, committed 11776K, reserved 12288K

