# JRE version: Java(TM) SE Runtime Environment (8.0_92-b14) (build 1.8.0_92-b14)
# Java VM: Java HotSpot(TM) 64-Bit Server VM (25.92-b14 mixed mode linux-amd64 )
Heap:
 PSYoungGen      total 8534016K, used 1683793K [0x00007fa6ba100000, 0x00007faa42100000, 0x00007fab33e00000)
  eden space 2276352K, 0% used [0x00007fa6ba100000,0x00007fa6ba100000,0x00007fa745000000)
  from space 6257664K, 26% used [0x00007fa8c2f00000,0x00007fa929b547c8,0x00007faa40e00000)
  to   space 6257664K, 0% used [0x00007fa745000000,0x00007fa745000000,0x00007fa8c2f00000)
 ParOldGen       total 28236800K, used 28236468K [0x00007f9dc6600000, 0x00007fa481d00000, 0x00007fa6ba100000)
  object space 28236800K, 99% used [0x00007f9dc6600000,0x00007fa481cad1f8,0x00007fa481d00000)
 Metaspace       used 9357K, capacity 9712K, committed 9728K, reserved 10240K
GC Heap History (10 events):
Event: 428,642 GC heap after
Heap after GC invocations=51 (full 13):
 PSYoungGen      total 6543872K, used 4797952K [0x00007fa6ba100000, 0x00007faa28100000, 0x00007fab33e00000)
  eden space 1745920K, 0% used [0x00007fa6ba100000,0x00007fa6ba100000,0x00007fa724a00000)
  from space 4797952K, 100% used [0x00007fa885f00000,0x00007fa9aac80000,0x00007fa9aac80000)
  to   space 5788672K, 0% used [0x00007fa724a00000,0x00007fa724a00000,0x00007fa885f00000)
 ParOldGen       total 28236800K, used 20528526K [0x00007f9dc6600000, 0x00007fa481d00000, 0x00007fa6ba100000)
  object space 28236800K, 72% used [0x00007f9dc6600000,0x00007fa2ab563ab8,0x00007fa481d00000)
 Metaspace       used 9357K, capacity 9712K, committed 9728K, reserved 10240K
}
Event: 429,681 GC heap before
{Heap before GC invocations=52 (full 13):
 PSYoungGen      total 6543872K, used 6543872K [0x00007fa6ba100000, 0x00007faa28100000, 0x00007fab33e00000)
  eden space 1745920K, 100% used [0x00007fa6ba100000,0x00007fa724a00000,0x00007fa724a00000)
  from space 4797952K, 100% used [0x00007fa885f00000,0x00007fa9aac80000,0x00007fa9aac80000)
  to   space 5788672K, 0% used [0x00007fa724a00000,0x00007fa724a00000,0x00007fa885f00000)
 ParOldGen       total 28236800K, used 20528526K [0x00007f9dc6600000, 0x00007fa481d00000, 0x00007fa6ba100000)
  object space 28236800K, 72% used [0x00007f9dc6600000,0x00007fa2ab563ab8,0x00007fa481d00000)
 Metaspace       used 9357K, capacity 9712K, committed 9728K, reserved 10240K
Event: 440,072 GC heap after
Heap after GC invocations=52 (full 13):
 PSYoungGen      total 7534592K, used 5788672K [0x00007fa6ba100000, 0x00007faa2e980000, 0x00007fab33e00000)
  eden space 1745920K, 0% used [0x00007fa6ba100000,0x00007fa6ba100000,0x00007fa724a00000)
  from space 5788672K, 100% used [0x00007fa724a00000,0x00007fa885f00000,0x00007fa885f00000)
  to   space 6257664K, 0% used [0x00007fa8b0a80000,0x00007fa8b0a80000,0x00007faa2e980000)
 ParOldGen       total 28236800K, used 21287662K [0x00007f9dc6600000, 0x00007fa481d00000, 0x00007fa6ba100000)
  object space 28236800K, 75% used [0x00007f9dc6600000,0x00007fa2d9abbab8,0x00007fa481d00000)
 Metaspace       used 9357K, capacity 9712K, committed 9728K, reserved 10240K
}
Event: 441,104 GC heap before
{Heap before GC invocations=53 (full 13):
 PSYoungGen      total 7534592K, used 7534592K [0x00007fa6ba100000, 0x00007faa2e980000, 0x00007fab33e00000)
  eden space 1745920K, 100% used [0x00007fa6ba100000,0x00007fa724a00000,0x00007fa724a00000)
  from space 5788672K, 100% used [0x00007fa724a00000,0x00007fa885f00000,0x00007fa885f00000)
  to   space 6257664K, 0% used [0x00007fa8b0a80000,0x00007fa8b0a80000,0x00007faa2e980000)
 ParOldGen       total 28236800K, used 21287662K [0x00007f9dc6600000, 0x00007fa481d00000, 0x00007fa6ba100000)
  object space 28236800K, 75% used [0x00007f9dc6600000,0x00007fa2d9abbab8,0x00007fa481d00000)
 Metaspace       used 9357K, capacity 9712K, committed 9728K, reserved 10240K
Event: 453,875 GC heap after
Heap after GC invocations=53 (full 13):
 PSYoungGen      total 8234496K, used 6257664K [0x00007fa6ba100000, 0x00007faa31380000, 0x00007fab33e00000)
  eden space 1976832K, 0% used [0x00007fa6ba100000,0x00007fa6ba100000,0x00007fa732b80000)
  from space 6257664K, 100% used [0x00007fa8b0a80000,0x00007faa2e980000,0x00007faa2e980000)
  to   space 6257664K, 0% used [0x00007fa732b80000,0x00007fa732b80000,0x00007fa8b0a80000)
 ParOldGen       total 28236800K, used 22570094K [0x00007f9dc6600000, 0x00007fa481d00000, 0x00007fa6ba100000)
  object space 28236800K, 79% used [0x00007f9dc6600000,0x00007fa327f1bab8,0x00007fa481d00000)
 Metaspace       used 9357K, capacity 9712K, committed 9728K, reserved 10240K
}
Event: 455,551 GC heap before
{Heap before GC invocations=54 (full 13):
 PSYoungGen      total 8234496K, used 8234496K [0x00007fa6ba100000, 0x00007faa31380000, 0x00007fab33e00000)
  eden space 1976832K, 100% used [0x00007fa6ba100000,0x00007fa732b80000,0x00007fa732b80000)
  from space 6257664K, 100% used [0x00007fa8b0a80000,0x00007faa2e980000,0x00007faa2e980000)
  to   space 6257664K, 0% used [0x00007fa732b80000,0x00007fa732b80000,0x00007fa8b0a80000)
 ParOldGen       total 28236800K, used 22570094K [0x00007f9dc6600000, 0x00007fa481d00000, 0x00007fa6ba100000)
  object space 28236800K, 79% used [0x00007f9dc6600000,0x00007fa327f1bab8,0x00007fa481d00000)
 Metaspace       used 9357K, capacity 9712K, committed 9728K, reserved 10240K
Event: 466,694 GC heap after
Heap after GC invocations=54 (full 13):
 PSYoungGen      total 8234496K, used 6257664K [0x00007fa6ba100000, 0x00007faa40e00000, 0x00007fab33e00000)
  eden space 1976832K, 0% used [0x00007fa6ba100000,0x00007fa6ba100000,0x00007fa732b80000)
  from space 6257664K, 100% used [0x00007fa732b80000,0x00007fa8b0a80000,0x00007fa8b0a80000)
  to   space 6257664K, 0% used [0x00007fa8c2f00000,0x00007fa8c2f00000,0x00007faa40e00000)
 ParOldGen       total 28236800K, used 24554830K [0x00007f9dc6600000, 0x00007fa481d00000, 0x00007fa6ba100000)
  object space 28236800K, 86% used [0x00007f9dc6600000,0x00007fa3a1153ab8,0x00007fa481d00000)
 Metaspace       used 9357K, capacity 9712K, committed 9728K, reserved 10240K
}
Event: 468,500 GC heap before
{Heap before GC invocations=55 (full 13):
 PSYoungGen      total 8234496K, used 8234496K [0x00007fa6ba100000, 0x00007faa40e00000, 0x00007fab33e00000)
  eden space 1976832K, 100% used [0x00007fa6ba100000,0x00007fa732b80000,0x00007fa732b80000)
  from space 6257664K, 100% used [0x00007fa732b80000,0x00007fa8b0a80000,0x00007fa8b0a80000)
  to   space 6257664K, 0% used [0x00007fa8c2f00000,0x00007fa8c2f00000,0x00007faa40e00000)
 ParOldGen       total 28236800K, used 24554830K [0x00007f9dc6600000, 0x00007fa481d00000, 0x00007fa6ba100000)
  object space 28236800K, 86% used [0x00007f9dc6600000,0x00007fa3a1153ab8,0x00007fa481d00000)
 Metaspace       used 9357K, capacity 9712K, committed 9728K, reserved 10240K
Event: 480,365 GC heap after
Heap after GC invocations=55 (full 13):
 PSYoungGen      total 8534016K, used 6191360K [0x00007fa6ba100000, 0x00007faa42100000, 0x00007fab33e00000)
  eden space 2276352K, 0% used [0x00007fa6ba100000,0x00007fa6ba100000,0x00007fa745000000)
  from space 6257664K, 98% used [0x00007fa8c2f00000,0x00007faa3cd40000,0x00007faa40e00000)
  to   space 6257664K, 0% used [0x00007fa745000000,0x00007fa745000000,0x00007fa8c2f00000)
 ParOldGen       total 28236800K, used 26567086K [0x00007f9dc6600000, 0x00007fa481d00000, 0x00007fa6ba100000)
  object space 28236800K, 94% used [0x00007f9dc6600000,0x00007fa41be6bab8,0x00007fa481d00000)
 Metaspace       used 9357K, capacity 9712K, committed 9728K, reserved 10240K
}
Event: 480,365 GC heap before
{Heap before GC invocations=56 (full 14):
 PSYoungGen      total 8534016K, used 6191360K [0x00007fa6ba100000, 0x00007faa42100000, 0x00007fab33e00000)
  eden space 2276352K, 0% used [0x00007fa6ba100000,0x00007fa6ba100000,0x00007fa745000000)
  from space 6257664K, 98% used [0x00007fa8c2f00000,0x00007faa3cd40000,0x00007faa40e00000)
  to   space 6257664K, 0% used [0x00007fa745000000,0x00007fa745000000,0x00007fa8c2f00000)
 ParOldGen       total 28236800K, used 26567086K [0x00007f9dc6600000, 0x00007fa481d00000, 0x00007fa6ba100000)
  object space 28236800K, 94% used [0x00007f9dc6600000,0x00007fa41be6bab8,0x00007fa481d00000)
 Metaspace       used 9357K, capacity 9712K, committed 9728K, reserved 10240K

