# JRE version: Java(TM) SE Runtime Environment (8.0_92-b14) (build 1.8.0_92-b14)
# Java VM: Java HotSpot(TM) 64-Bit Server VM (25.92-b14 mixed mode linux-amd64 )
Heap:
 PSYoungGen      total 7893504K, used 0K [0x00007f7d7b000000, 0x00007f825d000000, 0x00007f825d000000)
  eden space 6827008K, 0% used [0x00007f7d7b000000,0x00007f7d7b000000,0x00007f7f1bb00000)
  from space 1066496K, 0% used [0x00007f821be80000,0x00007f821be80000,0x00007f825d000000)
  to   space 6826496K, 0% used [0x00007f7f1bb00000,0x00007f7f1bb00000,0x00007f80bc580000)
 ParOldGen       total 17067008K, used 13157821K [0x00007f73b7000000, 0x00007f77c8b00000, 0x00007f7d7b000000)
  object space 17067008K, 77% used [0x00007f73b7000000,0x00007f76da16f708,0x00007f77c8b00000)
 Metaspace       used 11131K, capacity 11576K, committed 11776K, reserved 12288K
GC Heap History (10 events):
Event: 8,348 GC heap after
Heap after GC invocations=2 (full 0):
 PSYoungGen      total 13866496K, used 208501K [0x00007f7d7b000000, 0x00007f810a700000, 0x00007f825d000000)
  eden space 12800000K, 0% used [0x00007f7d7b000000,0x00007f7d7b000000,0x00007f8088400000)
  from space 1066496K, 19% used [0x00007f80c9580000,0x00007f80d611d6f0,0x00007f810a700000)
  to   space 1066496K, 0% used [0x00007f8088400000,0x00007f8088400000,0x00007f80c9580000)
 ParOldGen       total 17067008K, used 24K [0x00007f73b7000000, 0x00007f77c8b00000, 0x00007f7d7b000000)
  object space 17067008K, 0% used [0x00007f73b7000000,0x00007f73b7006000,0x00007f77c8b00000)
 Metaspace       used 9634K, capacity 10016K, committed 10240K, reserved 10240K
}
Event: 29,297 GC heap before
{Heap before GC invocations=3 (full 0):
 PSYoungGen      total 13866496K, used 13008501K [0x00007f7d7b000000, 0x00007f810a700000, 0x00007f825d000000)
  eden space 12800000K, 100% used [0x00007f7d7b000000,0x00007f8088400000,0x00007f8088400000)
  from space 1066496K, 19% used [0x00007f80c9580000,0x00007f80d611d6f0,0x00007f810a700000)
  to   space 1066496K, 0% used [0x00007f8088400000,0x00007f8088400000,0x00007f80c9580000)
 ParOldGen       total 17067008K, used 24K [0x00007f73b7000000, 0x00007f77c8b00000, 0x00007f7d7b000000)
  object space 17067008K, 0% used [0x00007f73b7000000,0x00007f73b7006000,0x00007f77c8b00000)
 Metaspace       used 9949K, capacity 10272K, committed 10496K, reserved 12288K
Event: 31,889 GC heap after
Heap after GC invocations=3 (full 0):
 PSYoungGen      total 13866496K, used 1066467K [0x00007f7d7b000000, 0x00007f825d000000, 0x00007f825d000000)
  eden space 12800000K, 0% used [0x00007f7d7b000000,0x00007f7d7b000000,0x00007f8088400000)
  from space 1066496K, 99% used [0x00007f8088400000,0x00007f80c9578ed8,0x00007f80c9580000)
  to   space 1066496K, 0% used [0x00007f821be80000,0x00007f821be80000,0x00007f825d000000)
 ParOldGen       total 17067008K, used 2274225K [0x00007f73b7000000, 0x00007f77c8b00000, 0x00007f7d7b000000)
  object space 17067008K, 13% used [0x00007f73b7000000,0x00007f7441cec500,0x00007f77c8b00000)
 Metaspace       used 9949K, capacity 10272K, committed 10496K, reserved 12288K
}
Event: 64,644 GC heap before
{Heap before GC invocations=4 (full 0):
 PSYoungGen      total 13866496K, used 13866467K [0x00007f7d7b000000, 0x00007f825d000000, 0x00007f825d000000)
  eden space 12800000K, 100% used [0x00007f7d7b000000,0x00007f8088400000,0x00007f8088400000)
  from space 1066496K, 99% used [0x00007f8088400000,0x00007f80c9578ed8,0x00007f80c9580000)
  to   space 1066496K, 0% used [0x00007f821be80000,0x00007f821be80000,0x00007f825d000000)
 ParOldGen       total 17067008K, used 2274225K [0x00007f73b7000000, 0x00007f77c8b00000, 0x00007f7d7b000000)
  object space 17067008K, 13% used [0x00007f73b7000000,0x00007f7441cec500,0x00007f77c8b00000)
 Metaspace       used 9954K, capacity 10336K, committed 10496K, reserved 12288K
Event: 67,997 GC heap after
Heap after GC invocations=4 (full 0):
 PSYoungGen      total 19413504K, used 1066480K [0x00007f7d7b000000, 0x00007f825d000000, 0x00007f825d000000)
  eden space 18347008K, 0% used [0x00007f7d7b000000,0x00007f7d7b000000,0x00007f81dad00000)
  from space 1066496K, 99% used [0x00007f821be80000,0x00007f825cffc018,0x00007f825d000000)
  to   space 1066496K, 0% used [0x00007f81dad00000,0x00007f81dad00000,0x00007f821be80000)
 ParOldGen       total 17067008K, used 5776103K [0x00007f73b7000000, 0x00007f77c8b00000, 0x00007f7d7b000000)
  object space 17067008K, 33% used [0x00007f73b7000000,0x00007f75178b9d38,0x00007f77c8b00000)
 Metaspace       used 9954K, capacity 10336K, committed 10496K, reserved 12288K
}
Event: 101,802 GC heap before
{Heap before GC invocations=5 (full 0):
 PSYoungGen      total 19413504K, used 19413488K [0x00007f7d7b000000, 0x00007f825d000000, 0x00007f825d000000)
  eden space 18347008K, 100% used [0x00007f7d7b000000,0x00007f81dad00000,0x00007f81dad00000)
  from space 1066496K, 99% used [0x00007f821be80000,0x00007f825cffc018,0x00007f825d000000)
  to   space 1066496K, 0% used [0x00007f81dad00000,0x00007f81dad00000,0x00007f821be80000)
 ParOldGen       total 17067008K, used 5776103K [0x00007f73b7000000, 0x00007f77c8b00000, 0x00007f7d7b000000)
  object space 17067008K, 33% used [0x00007f73b7000000,0x00007f75178b9d38,0x00007f77c8b00000)
 Metaspace       used 9962K, capacity 10336K, committed 10496K, reserved 12288K
Event: 110,606 GC heap after
Heap after GC invocations=5 (full 0):
 PSYoungGen      total 19413504K, used 1066480K [0x00007f7d7b000000, 0x00007f825d000000, 0x00007f825d000000)
  eden space 18347008K, 0% used [0x00007f7d7b000000,0x00007f7d7b000000,0x00007f81dad00000)
  from space 1066496K, 99% used [0x00007f81dad00000,0x00007f821be7c018,0x00007f821be80000)
  to   space 1066496K, 0% used [0x00007f821be80000,0x00007f821be80000,0x00007f825d000000)
 ParOldGen       total 17067008K, used 8810259K [0x00007f73b7000000, 0x00007f77c8b00000, 0x00007f7d7b000000)
  object space 17067008K, 51% used [0x00007f73b7000000,0x00007f75d0bc4ef8,0x00007f77c8b00000)
 Metaspace       used 9962K, capacity 10336K, committed 10496K, reserved 12288K
}
Event: 183,883 GC heap before
{Heap before GC invocations=6 (full 0):
 PSYoungGen      total 19413504K, used 19413488K [0x00007f7d7b000000, 0x00007f825d000000, 0x00007f825d000000)
  eden space 18347008K, 100% used [0x00007f7d7b000000,0x00007f81dad00000,0x00007f81dad00000)
  from space 1066496K, 99% used [0x00007f81dad00000,0x00007f821be7c018,0x00007f821be80000)
  to   space 1066496K, 0% used [0x00007f821be80000,0x00007f821be80000,0x00007f825d000000)
 ParOldGen       total 17067008K, used 8810259K [0x00007f73b7000000, 0x00007f77c8b00000, 0x00007f7d7b000000)
  object space 17067008K, 51% used [0x00007f73b7000000,0x00007f75d0bc4ef8,0x00007f77c8b00000)
 Metaspace       used 11131K, capacity 11576K, committed 11776K, reserved 12288K
Event: 195,635 GC heap after
Heap after GC invocations=6 (full 0):
 PSYoungGen      total 7893504K, used 1066496K [0x00007f7d7b000000, 0x00007f825d000000, 0x00007f825d000000)
  eden space 6827008K, 0% used [0x00007f7d7b000000,0x00007f7d7b000000,0x00007f7f1bb00000)
  from space 1066496K, 100% used [0x00007f821be80000,0x00007f825d000000,0x00007f825d000000)
  to   space 6826496K, 0% used [0x00007f7f1bb00000,0x00007f7f1bb00000,0x00007f80bc580000)
 ParOldGen       total 17067008K, used 15027167K [0x00007f73b7000000, 0x00007f77c8b00000, 0x00007f7d7b000000)
  object space 17067008K, 88% used [0x00007f73b7000000,0x00007f774c2f7d30,0x00007f77c8b00000)
 Metaspace       used 11131K, capacity 11576K, committed 11776K, reserved 12288K
}
Event: 195,635 GC heap before
{Heap before GC invocations=7 (full 1):
 PSYoungGen      total 7893504K, used 1066496K [0x00007f7d7b000000, 0x00007f825d000000, 0x00007f825d000000)
  eden space 6827008K, 0% used [0x00007f7d7b000000,0x00007f7d7b000000,0x00007f7f1bb00000)
  from space 1066496K, 100% used [0x00007f821be80000,0x00007f825d000000,0x00007f825d000000)
  to   space 6826496K, 0% used [0x00007f7f1bb00000,0x00007f7f1bb00000,0x00007f80bc580000)
 ParOldGen       total 17067008K, used 15027167K [0x00007f73b7000000, 0x00007f77c8b00000, 0x00007f7d7b000000)
  object space 17067008K, 88% used [0x00007f73b7000000,0x00007f774c2f7d30,0x00007f77c8b00000)
 Metaspace       used 11131K, capacity 11576K, committed 11776K, reserved 12288K

