# JRE version: Java(TM) SE Runtime Environment (8.0_92-b14) (build 1.8.0_92-b14)
# Java VM: Java HotSpot(TM) 64-Bit Server VM (25.92-b14 mixed mode linux-amd64 )
Heap:
 PSYoungGen      total 13866496K, used 0K [0x00007f701b000000, 0x00007f74fd000000, 0x00007f74fd000000)
  eden space 12800000K, 0% used [0x00007f701b000000,0x00007f701b000000,0x00007f7328400000)
  from space 1066496K, 0% used [0x00007f7328400000,0x00007f7328400000,0x00007f7369580000)
  to   space 1066496K, 0% used [0x00007f74bbe80000,0x00007f74bbe80000,0x00007f74fd000000)
 ParOldGen       total 17067008K, used 15872453K [0x00007f6657000000, 0x00007f6a68b00000, 0x00007f701b000000)
  object space 17067008K, 93% used [0x00007f6657000000,0x00007f6a1fc71438,0x00007f6a68b00000)
 Metaspace       used 10473K, capacity 10876K, committed 11008K, reserved 12288K
GC Heap History (7 events):
Event: 8,683 GC heap before
{Heap before GC invocations=1 (full 0):
 PSYoungGen      total 7466496K, used 6400000K [0x00007f701b000000, 0x00007f7223d00000, 0x00007f74fd000000)
  eden space 6400000K, 100% used [0x00007f701b000000,0x00007f71a1a00000,0x00007f71a1a00000)
  from space 1066496K, 0% used [0x00007f71e2b80000,0x00007f71e2b80000,0x00007f7223d00000)
  to   space 1066496K, 0% used [0x00007f71a1a00000,0x00007f71a1a00000,0x00007f71e2b80000)
 ParOldGen       total 17067008K, used 0K [0x00007f6657000000, 0x00007f6a68b00000, 0x00007f701b000000)
  object space 17067008K, 0% used [0x00007f6657000000,0x00007f6657000000,0x00007f6a68b00000)
 Metaspace       used 10469K, capacity 10876K, committed 11008K, reserved 12288K
Event: 11,028 GC heap after
Heap after GC invocations=1 (full 0):
 PSYoungGen      total 7466496K, used 1066493K [0x00007f701b000000, 0x00007f73aa700000, 0x00007f74fd000000)
  eden space 6400000K, 0% used [0x00007f701b000000,0x00007f701b000000,0x00007f71a1a00000)
  from space 1066496K, 99% used [0x00007f71a1a00000,0x00007f71e2b7f7e0,0x00007f71e2b80000)
  to   space 1066496K, 0% used [0x00007f7369580000,0x00007f7369580000,0x00007f73aa700000)
 ParOldGen       total 17067008K, used 2827610K [0x00007f6657000000, 0x00007f6a68b00000, 0x00007f701b000000)
  object space 17067008K, 16% used [0x00007f6657000000,0x00007f6703956b28,0x00007f6a68b00000)
 Metaspace       used 10469K, capacity 10876K, committed 11008K, reserved 12288K
}
Event: 18,455 GC heap before
{Heap before GC invocations=2 (full 0):
 PSYoungGen      total 7466496K, used 7466493K [0x00007f701b000000, 0x00007f73aa700000, 0x00007f74fd000000)
  eden space 6400000K, 100% used [0x00007f701b000000,0x00007f71a1a00000,0x00007f71a1a00000)
  from space 1066496K, 99% used [0x00007f71a1a00000,0x00007f71e2b7f7e0,0x00007f71e2b80000)
  to   space 1066496K, 0% used [0x00007f7369580000,0x00007f7369580000,0x00007f73aa700000)
 ParOldGen       total 17067008K, used 2827610K [0x00007f6657000000, 0x00007f6a68b00000, 0x00007f701b000000)
  object space 17067008K, 16% used [0x00007f6657000000,0x00007f6703956b28,0x00007f6a68b00000)
 Metaspace       used 10472K, capacity 10876K, committed 11008K, reserved 12288K
Event: 21,344 GC heap after
Heap after GC invocations=2 (full 0):
 PSYoungGen      total 13866496K, used 1066482K [0x00007f701b000000, 0x00007f73aa700000, 0x00007f74fd000000)
  eden space 12800000K, 0% used [0x00007f701b000000,0x00007f701b000000,0x00007f7328400000)
  from space 1066496K, 99% used [0x00007f7369580000,0x00007f73aa6fc830,0x00007f73aa700000)
  to   space 1066496K, 0% used [0x00007f7328400000,0x00007f7328400000,0x00007f7369580000)
 ParOldGen       total 17067008K, used 7652345K [0x00007f6657000000, 0x00007f6a68b00000, 0x00007f701b000000)
  object space 17067008K, 44% used [0x00007f6657000000,0x00007f682a0fe7f8,0x00007f6a68b00000)
 Metaspace       used 10472K, capacity 10876K, committed 11008K, reserved 12288K
}
Event: 36,102 GC heap before
{Heap before GC invocations=3 (full 0):
 PSYoungGen      total 13866496K, used 13866482K [0x00007f701b000000, 0x00007f73aa700000, 0x00007f74fd000000)
  eden space 12800000K, 100% used [0x00007f701b000000,0x00007f7328400000,0x00007f7328400000)
  from space 1066496K, 99% used [0x00007f7369580000,0x00007f73aa6fc830,0x00007f73aa700000)
  to   space 1066496K, 0% used [0x00007f7328400000,0x00007f7328400000,0x00007f7369580000)
 ParOldGen       total 17067008K, used 7652345K [0x00007f6657000000, 0x00007f6a68b00000, 0x00007f701b000000)
  object space 17067008K, 44% used [0x00007f6657000000,0x00007f682a0fe7f8,0x00007f6a68b00000)
 Metaspace       used 10473K, capacity 10876K, committed 11008K, reserved 12288K
Event: 51,883 GC heap after
Heap after GC invocations=3 (full 0):
 PSYoungGen      total 13866496K, used 1066479K [0x00007f701b000000, 0x00007f74fd000000, 0x00007f74fd000000)
  eden space 12800000K, 0% used [0x00007f701b000000,0x00007f701b000000,0x00007f7328400000)
  from space 1066496K, 99% used [0x00007f7328400000,0x00007f736957bfc0,0x00007f7369580000)
  to   space 1066496K, 0% used [0x00007f74bbe80000,0x00007f74bbe80000,0x00007f74fd000000)
 ParOldGen       total 17067008K, used 16558209K [0x00007f6657000000, 0x00007f6a68b00000, 0x00007f701b000000)
  object space 17067008K, 97% used [0x00007f6657000000,0x00007f6a49a207e8,0x00007f6a68b00000)
 Metaspace       used 10473K, capacity 10876K, committed 11008K, reserved 12288K
}
Event: 51,883 GC heap before
{Heap before GC invocations=4 (full 1):
 PSYoungGen      total 13866496K, used 1066479K [0x00007f701b000000, 0x00007f74fd000000, 0x00007f74fd000000)
  eden space 12800000K, 0% used [0x00007f701b000000,0x00007f701b000000,0x00007f7328400000)
  from space 1066496K, 99% used [0x00007f7328400000,0x00007f736957bfc0,0x00007f7369580000)
  to   space 1066496K, 0% used [0x00007f74bbe80000,0x00007f74bbe80000,0x00007f74fd000000)
 ParOldGen       total 17067008K, used 16558209K [0x00007f6657000000, 0x00007f6a68b00000, 0x00007f701b000000)
  object space 17067008K, 97% used [0x00007f6657000000,0x00007f6a49a207e8,0x00007f6a68b00000)
 Metaspace       used 10473K, capacity 10876K, committed 11008K, reserved 12288K

