# JRE version: Java(TM) SE Runtime Environment (8.0_92-b14) (build 1.8.0_92-b14)
# Java VM: Java HotSpot(TM) 64-Bit Server VM (25.92-b14 mixed mode linux-amd64 )
Heap:
 PSYoungGen      total 12515328K, used 0K [0x00007f4311d00000, 0x00007f478ba00000, 0x00007f478ba00000)
  eden space 6257664K, 0% used [0x00007f4311d00000,0x00007f4311d00000,0x00007f448fc00000)
  from space 6257664K, 0% used [0x00007f448fc00000,0x00007f448fc00000,0x00007f460db00000)
  to   space 6257664K, 0% used [0x00007f460db00000,0x00007f460db00000,0x00007f478ba00000)
 ParOldGen       total 30720000K, used 25350163K [0x00007f3a1e200000, 0x00007f4171200000, 0x00007f4311d00000)
  object space 30720000K, 82% used [0x00007f3a1e200000,0x00007f4029604ce0,0x00007f4171200000)
 Metaspace       used 13550K, capacity 13968K, committed 14080K, reserved 14336K
GC Heap History (10 events):
Event: 999,988 GC heap after
Heap after GC invocations=15 (full 2):
 PSYoungGen      total 12515328K, used 3738422K [0x00007f4311d00000, 0x00007f478ba00000, 0x00007f478ba00000)
  eden space 6257664K, 0% used [0x00007f4311d00000,0x00007f4311d00000,0x00007f448fc00000)
  from space 6257664K, 59% used [0x00007f448fc00000,0x00007f4573ecdb70,0x00007f460db00000)
  to   space 6257664K, 0% used [0x00007f460db00000,0x00007f460db00000,0x00007f478ba00000)
 ParOldGen       total 30720000K, used 9431231K [0x00007f3a1e200000, 0x00007f4171200000, 0x00007f4311d00000)
  object space 30720000K, 30% used [0x00007f3a1e200000,0x00007f3c5dc2ff58,0x00007f4171200000)
 Metaspace       used 13546K, capacity 13968K, committed 14080K, reserved 14336K
}
Event: 1037,915 GC heap before
{Heap before GC invocations=16 (full 2):
 PSYoungGen      total 12515328K, used 9996086K [0x00007f4311d00000, 0x00007f478ba00000, 0x00007f478ba00000)
  eden space 6257664K, 100% used [0x00007f4311d00000,0x00007f448fc00000,0x00007f448fc00000)
  from space 6257664K, 59% used [0x00007f448fc00000,0x00007f4573ecdb70,0x00007f460db00000)
  to   space 6257664K, 0% used [0x00007f460db00000,0x00007f460db00000,0x00007f478ba00000)
 ParOldGen       total 30720000K, used 9431231K [0x00007f3a1e200000, 0x00007f4171200000, 0x00007f4311d00000)
  object space 30720000K, 30% used [0x00007f3a1e200000,0x00007f3c5dc2ff58,0x00007f4171200000)
 Metaspace       used 13547K, capacity 13968K, committed 14080K, reserved 14336K
Event: 1039,006 GC heap after
Heap after GC invocations=16 (full 2):
 PSYoungGen      total 12515328K, used 3795399K [0x00007f4311d00000, 0x00007f478ba00000, 0x00007f478ba00000)
  eden space 6257664K, 0% used [0x00007f4311d00000,0x00007f4311d00000,0x00007f448fc00000)
  from space 6257664K, 60% used [0x00007f460db00000,0x00007f46f5571de0,0x00007f478ba00000)
  to   space 6257664K, 0% used [0x00007f448fc00000,0x00007f448fc00000,0x00007f460db00000)
 ParOldGen       total 30720000K, used 12798349K [0x00007f3a1e200000, 0x00007f4171200000, 0x00007f4311d00000)
  object space 30720000K, 41% used [0x00007f3a1e200000,0x00007f3d2b4635d8,0x00007f4171200000)
 Metaspace       used 13547K, capacity 13968K, committed 14080K, reserved 14336K
}
Event: 1072,315 GC heap before
{Heap before GC invocations=17 (full 2):
 PSYoungGen      total 12515328K, used 10053063K [0x00007f4311d00000, 0x00007f478ba00000, 0x00007f478ba00000)
  eden space 6257664K, 100% used [0x00007f4311d00000,0x00007f448fc00000,0x00007f448fc00000)
  from space 6257664K, 60% used [0x00007f460db00000,0x00007f46f5571de0,0x00007f478ba00000)
  to   space 6257664K, 0% used [0x00007f448fc00000,0x00007f448fc00000,0x00007f460db00000)
 ParOldGen       total 30720000K, used 12798349K [0x00007f3a1e200000, 0x00007f4171200000, 0x00007f4311d00000)
  object space 30720000K, 41% used [0x00007f3a1e200000,0x00007f3d2b4635d8,0x00007f4171200000)
 Metaspace       used 13547K, capacity 13968K, committed 14080K, reserved 14336K
Event: 1073,744 GC heap after
Heap after GC invocations=17 (full 2):
 PSYoungGen      total 12515328K, used 3917548K [0x00007f4311d00000, 0x00007f478ba00000, 0x00007f478ba00000)
  eden space 6257664K, 0% used [0x00007f4311d00000,0x00007f4311d00000,0x00007f448fc00000)
  from space 6257664K, 62% used [0x00007f448fc00000,0x00007f457edbb1d0,0x00007f460db00000)
  to   space 6257664K, 0% used [0x00007f460db00000,0x00007f460db00000,0x00007f478ba00000)
 ParOldGen       total 30720000K, used 16448408K [0x00007f3a1e200000, 0x00007f4171200000, 0x00007f4311d00000)
  object space 30720000K, 53% used [0x00007f3a1e200000,0x00007f3e0a0e6048,0x00007f4171200000)
 Metaspace       used 13547K, capacity 13968K, committed 14080K, reserved 14336K
}
Event: 1113,973 GC heap before
{Heap before GC invocations=18 (full 2):
 PSYoungGen      total 12515328K, used 10175212K [0x00007f4311d00000, 0x00007f478ba00000, 0x00007f478ba00000)
  eden space 6257664K, 100% used [0x00007f4311d00000,0x00007f448fc00000,0x00007f448fc00000)
  from space 6257664K, 62% used [0x00007f448fc00000,0x00007f457edbb1d0,0x00007f460db00000)
  to   space 6257664K, 0% used [0x00007f460db00000,0x00007f460db00000,0x00007f478ba00000)
 ParOldGen       total 30720000K, used 16448408K [0x00007f3a1e200000, 0x00007f4171200000, 0x00007f4311d00000)
  object space 30720000K, 53% used [0x00007f3a1e200000,0x00007f3e0a0e6048,0x00007f4171200000)
 Metaspace       used 13547K, capacity 13968K, committed 14080K, reserved 14336K
Event: 1115,881 GC heap after
Heap after GC invocations=18 (full 2):
 PSYoungGen      total 12515328K, used 3737633K [0x00007f4311d00000, 0x00007f478ba00000, 0x00007f478ba00000)
  eden space 6257664K, 0% used [0x00007f4311d00000,0x00007f4311d00000,0x00007f448fc00000)
  from space 6257664K, 59% used [0x00007f460db00000,0x00007f46f1d08610,0x00007f478ba00000)
  to   space 6257664K, 0% used [0x00007f448fc00000,0x00007f448fc00000,0x00007f460db00000)
 ParOldGen       total 30720000K, used 20344277K [0x00007f3a1e200000, 0x00007f4171200000, 0x00007f4311d00000)
  object space 30720000K, 66% used [0x00007f3a1e200000,0x00007f3ef7d75750,0x00007f4171200000)
 Metaspace       used 13547K, capacity 13968K, committed 14080K, reserved 14336K
}
Event: 1155,565 GC heap before
{Heap before GC invocations=19 (full 2):
 PSYoungGen      total 12515328K, used 9995297K [0x00007f4311d00000, 0x00007f478ba00000, 0x00007f478ba00000)
  eden space 6257664K, 100% used [0x00007f4311d00000,0x00007f448fc00000,0x00007f448fc00000)
  from space 6257664K, 59% used [0x00007f460db00000,0x00007f46f1d08610,0x00007f478ba00000)
  to   space 6257664K, 0% used [0x00007f448fc00000,0x00007f448fc00000,0x00007f460db00000)
 ParOldGen       total 30720000K, used 20344277K [0x00007f3a1e200000, 0x00007f4171200000, 0x00007f4311d00000)
  object space 30720000K, 66% used [0x00007f3a1e200000,0x00007f3ef7d75750,0x00007f4171200000)
 Metaspace       used 13550K, capacity 13968K, committed 14080K, reserved 14336K
Event: 1160,293 GC heap after
Heap after GC invocations=19 (full 2):
 PSYoungGen      total 12515328K, used 3778604K [0x00007f4311d00000, 0x00007f478ba00000, 0x00007f478ba00000)
  eden space 6257664K, 0% used [0x00007f4311d00000,0x00007f4311d00000,0x00007f448fc00000)
  from space 6257664K, 60% used [0x00007f448fc00000,0x00007f457660b2d8,0x00007f460db00000)
  to   space 6257664K, 0% used [0x00007f460db00000,0x00007f460db00000,0x00007f478ba00000)
 ParOldGen       total 30720000K, used 24076544K [0x00007f3a1e200000, 0x00007f4171200000, 0x00007f4311d00000)
  object space 30720000K, 78% used [0x00007f3a1e200000,0x00007f3fdba401d8,0x00007f4171200000)
 Metaspace       used 13550K, capacity 13968K, committed 14080K, reserved 14336K
}
Event: 1160,293 GC heap before
{Heap before GC invocations=20 (full 3):
 PSYoungGen      total 12515328K, used 3778604K [0x00007f4311d00000, 0x00007f478ba00000, 0x00007f478ba00000)
  eden space 6257664K, 0% used [0x00007f4311d00000,0x00007f4311d00000,0x00007f448fc00000)
  from space 6257664K, 60% used [0x00007f448fc00000,0x00007f457660b2d8,0x00007f460db00000)
  to   space 6257664K, 0% used [0x00007f460db00000,0x00007f460db00000,0x00007f478ba00000)
 ParOldGen       total 30720000K, used 24076544K [0x00007f3a1e200000, 0x00007f4171200000, 0x00007f4311d00000)
  object space 30720000K, 78% used [0x00007f3a1e200000,0x00007f3fdba401d8,0x00007f4171200000)
 Metaspace       used 13550K, capacity 13968K, committed 14080K, reserved 14336K

