# JRE version: Java(TM) SE Runtime Environment (8.0_92-b14) (build 1.8.0_92-b14)
# Java VM: Java HotSpot(TM) 64-Bit Server VM (25.92-b14 mixed mode linux-amd64 )
Heap:
 PSYoungGen      total 16852992K, used 0K [0x00007f26cf300000, 0x00007f2b49000000, 0x00007f2b49000000)
  eden space 14932992K, 0% used [0x00007f26cf300000,0x00007f26cf300000,0x00007f2a5ea00000)
  from space 1920000K, 0% used [0x00007f2a5ea00000,0x00007f2a5ea00000,0x00007f2ad3d00000)
  to   space 1920000K, 0% used [0x00007f2ad3d00000,0x00007f2ad3d00000,0x00007f2b49000000)
 ParOldGen       total 30720000K, used 24859893K [0x00007f1ddb800000, 0x00007f252e800000, 0x00007f26cf300000)
  object space 30720000K, 80% used [0x00007f1ddb800000,0x00007f23c8d3d640,0x00007f252e800000)
 Metaspace       used 13346K, capacity 13771K, committed 13824K, reserved 14336K
GC Heap History (10 events):
Event: 12,513 GC heap after
Heap after GC invocations=1 (full 0):
 PSYoungGen      total 13440000K, used 1919988K [0x00007f26cf300000, 0x00007f2b49000000, 0x00007f2b49000000)
  eden space 11520000K, 0% used [0x00007f26cf300000,0x00007f26cf300000,0x00007f298e500000)
  from space 1920000K, 99% used [0x00007f298e500000,0x00007f2a037fd318,0x00007f2a03800000)
  to   space 1920000K, 0% used [0x00007f2ad3d00000,0x00007f2ad3d00000,0x00007f2b49000000)
 ParOldGen       total 30720000K, used 981702K [0x00007f1ddb800000, 0x00007f252e800000, 0x00007f26cf300000)
  object space 30720000K, 3% used [0x00007f1ddb800000,0x00007f1e176b1b90,0x00007f252e800000)
 Metaspace       used 12563K, capacity 12970K, committed 13312K, reserved 14336K
}
Event: 20,808 GC heap before
{Heap before GC invocations=2 (full 0):
 PSYoungGen      total 13440000K, used 13439988K [0x00007f26cf300000, 0x00007f2b49000000, 0x00007f2b49000000)
  eden space 11520000K, 100% used [0x00007f26cf300000,0x00007f298e500000,0x00007f298e500000)
  from space 1920000K, 99% used [0x00007f298e500000,0x00007f2a037fd318,0x00007f2a03800000)
  to   space 1920000K, 0% used [0x00007f2ad3d00000,0x00007f2ad3d00000,0x00007f2b49000000)
 ParOldGen       total 30720000K, used 981702K [0x00007f1ddb800000, 0x00007f252e800000, 0x00007f26cf300000)
  object space 30720000K, 3% used [0x00007f1ddb800000,0x00007f1e176b1b90,0x00007f252e800000)
 Metaspace       used 12572K, capacity 12975K, committed 13312K, reserved 14336K
Event: 23,818 GC heap after
Heap after GC invocations=2 (full 0):
 PSYoungGen      total 16852992K, used 1919989K [0x00007f26cf300000, 0x00007f2b49000000, 0x00007f2b49000000)
  eden space 14932992K, 0% used [0x00007f26cf300000,0x00007f26cf300000,0x00007f2a5ea00000)
  from space 1920000K, 99% used [0x00007f2ad3d00000,0x00007f2b48ffd488,0x00007f2b49000000)
  to   space 1920000K, 0% used [0x00007f2a5ea00000,0x00007f2a5ea00000,0x00007f2ad3d00000)
 ParOldGen       total 30720000K, used 5337558K [0x00007f1ddb800000, 0x00007f252e800000, 0x00007f26cf300000)
  object space 30720000K, 17% used [0x00007f1ddb800000,0x00007f1f21475930,0x00007f252e800000)
 Metaspace       used 12572K, capacity 12975K, committed 13312K, reserved 14336K
}
Event: 38,212 GC heap before
{Heap before GC invocations=3 (full 0):
 PSYoungGen      total 16852992K, used 16852981K [0x00007f26cf300000, 0x00007f2b49000000, 0x00007f2b49000000)
  eden space 14932992K, 100% used [0x00007f26cf300000,0x00007f2a5ea00000,0x00007f2a5ea00000)
  from space 1920000K, 99% used [0x00007f2ad3d00000,0x00007f2b48ffd488,0x00007f2b49000000)
  to   space 1920000K, 0% used [0x00007f2a5ea00000,0x00007f2a5ea00000,0x00007f2ad3d00000)
 ParOldGen       total 30720000K, used 5337558K [0x00007f1ddb800000, 0x00007f252e800000, 0x00007f26cf300000)
  object space 30720000K, 17% used [0x00007f1ddb800000,0x00007f1f21475930,0x00007f252e800000)
 Metaspace       used 12612K, capacity 12980K, committed 13312K, reserved 14336K
Event: 42,539 GC heap after
Heap after GC invocations=3 (full 0):
 PSYoungGen      total 16852992K, used 1919994K [0x00007f26cf300000, 0x00007f2b49000000, 0x00007f2b49000000)
  eden space 14932992K, 0% used [0x00007f26cf300000,0x00007f26cf300000,0x00007f2a5ea00000)
  from space 1920000K, 99% used [0x00007f2a5ea00000,0x00007f2ad3cfe9c0,0x00007f2ad3d00000)
  to   space 1920000K, 0% used [0x00007f2ad3d00000,0x00007f2ad3d00000,0x00007f2b49000000)
 ParOldGen       total 30720000K, used 11866942K [0x00007f1ddb800000, 0x00007f252e800000, 0x00007f26cf300000)
  object space 30720000K, 38% used [0x00007f1ddb800000,0x00007f20afccfa48,0x00007f252e800000)
 Metaspace       used 12612K, capacity 12980K, committed 13312K, reserved 14336K
}
Event: 54,363 GC heap before
{Heap before GC invocations=4 (full 0):
 PSYoungGen      total 16852992K, used 16852986K [0x00007f26cf300000, 0x00007f2b49000000, 0x00007f2b49000000)
  eden space 14932992K, 100% used [0x00007f26cf300000,0x00007f2a5ea00000,0x00007f2a5ea00000)
  from space 1920000K, 99% used [0x00007f2a5ea00000,0x00007f2ad3cfe9c0,0x00007f2ad3d00000)
  to   space 1920000K, 0% used [0x00007f2ad3d00000,0x00007f2ad3d00000,0x00007f2b49000000)
 ParOldGen       total 30720000K, used 11866942K [0x00007f1ddb800000, 0x00007f252e800000, 0x00007f26cf300000)
  object space 30720000K, 38% used [0x00007f1ddb800000,0x00007f20afccfa48,0x00007f252e800000)
 Metaspace       used 12618K, capacity 12980K, committed 13312K, reserved 14336K
Event: 59,431 GC heap after
Heap after GC invocations=4 (full 0):
 PSYoungGen      total 16852992K, used 1919989K [0x00007f26cf300000, 0x00007f2b49000000, 0x00007f2b49000000)
  eden space 14932992K, 0% used [0x00007f26cf300000,0x00007f26cf300000,0x00007f2a5ea00000)
  from space 1920000K, 99% used [0x00007f2ad3d00000,0x00007f2b48ffd5d8,0x00007f2b49000000)
  to   space 1920000K, 0% used [0x00007f2a5ea00000,0x00007f2a5ea00000,0x00007f2ad3d00000)
 ParOldGen       total 30720000K, used 17991784K [0x00007f1ddb800000, 0x00007f252e800000, 0x00007f26cf300000)
  object space 30720000K, 58% used [0x00007f1ddb800000,0x00007f2225a1a140,0x00007f252e800000)
 Metaspace       used 12618K, capacity 12980K, committed 13312K, reserved 14336K
}
Event: 87,458 GC heap before
{Heap before GC invocations=5 (full 0):
 PSYoungGen      total 16852992K, used 16852981K [0x00007f26cf300000, 0x00007f2b49000000, 0x00007f2b49000000)
  eden space 14932992K, 100% used [0x00007f26cf300000,0x00007f2a5ea00000,0x00007f2a5ea00000)
  from space 1920000K, 99% used [0x00007f2ad3d00000,0x00007f2b48ffd5d8,0x00007f2b49000000)
  to   space 1920000K, 0% used [0x00007f2a5ea00000,0x00007f2a5ea00000,0x00007f2ad3d00000)
 ParOldGen       total 30720000K, used 17991784K [0x00007f1ddb800000, 0x00007f252e800000, 0x00007f26cf300000)
  object space 30720000K, 58% used [0x00007f1ddb800000,0x00007f2225a1a140,0x00007f252e800000)
 Metaspace       used 13346K, capacity 13771K, committed 13824K, reserved 14336K
Event: 94,963 GC heap after
Heap after GC invocations=5 (full 0):
 PSYoungGen      total 16852992K, used 1919998K [0x00007f26cf300000, 0x00007f2b49000000, 0x00007f2b49000000)
  eden space 14932992K, 0% used [0x00007f26cf300000,0x00007f26cf300000,0x00007f2a5ea00000)
  from space 1920000K, 99% used [0x00007f2a5ea00000,0x00007f2ad3cff978,0x00007f2ad3d00000)
  to   space 1920000K, 0% used [0x00007f2ad3d00000,0x00007f2ad3d00000,0x00007f2b49000000)
 ParOldGen       total 30720000K, used 23005041K [0x00007f1ddb800000, 0x00007f252e800000, 0x00007f26cf300000)
  object space 30720000K, 74% used [0x00007f1ddb800000,0x00007f23579dc5a0,0x00007f252e800000)
 Metaspace       used 13346K, capacity 13771K, committed 13824K, reserved 14336K
}
Event: 94,963 GC heap before
{Heap before GC invocations=6 (full 1):
 PSYoungGen      total 16852992K, used 1919998K [0x00007f26cf300000, 0x00007f2b49000000, 0x00007f2b49000000)
  eden space 14932992K, 0% used [0x00007f26cf300000,0x00007f26cf300000,0x00007f2a5ea00000)
  from space 1920000K, 99% used [0x00007f2a5ea00000,0x00007f2ad3cff978,0x00007f2ad3d00000)
  to   space 1920000K, 0% used [0x00007f2ad3d00000,0x00007f2ad3d00000,0x00007f2b49000000)
 ParOldGen       total 30720000K, used 23005041K [0x00007f1ddb800000, 0x00007f252e800000, 0x00007f26cf300000)
  object space 30720000K, 74% used [0x00007f1ddb800000,0x00007f23579dc5a0,0x00007f252e800000)
 Metaspace       used 13346K, capacity 13771K, committed 13824K, reserved 14336K

