# JRE version: Java(TM) SE Runtime Environment (8.0_92-b14) (build 1.8.0_92-b14)
# Java VM: Java HotSpot(TM) 64-Bit Server VM (25.92-b14 mixed mode linux-amd64 )
Heap:
 PSYoungGen      total 12291072K, used 3328K [0x00007f54c6300000, 0x00007f5925080000, 0x00007f5940000000)
  eden space 6360064K, 0% used [0x00007f54c6300000,0x00007f54c6300000,0x00007f564a600000)
  from space 5931008K, 0% used [0x00007f57bb080000,0x00007f57bb3c0000,0x00007f5925080000)
  to   space 3150848K, 0% used [0x00007f564a600000,0x00007f564a600000,0x00007f570ab00000)
 ParOldGen       total 37547008K, used 22317208K [0x00007f4bd2800000, 0x00007f54c6300000, 0x00007f54c6300000)
  object space 37547008K, 59% used [0x00007f4bd2800000,0x00007f5124a261b8,0x00007f54c6300000)
 Metaspace       used 12894K, capacity 13293K, committed 13568K, reserved 14336K
GC Heap History (10 events):
Event: 4290,607 GC heap after
Heap after GC invocations=810 (full 25):
 PSYoungGen      total 12564992K, used 3926080K [0x00007f54c6300000, 0x00007f5940000000, 0x00007f5940000000)
  eden space 6544384K, 0% used [0x00007f54c6300000,0x00007f54c6300000,0x00007f5655a00000)
  from space 6020608K, 65% used [0x00007f5655a00000,0x00007f5745410030,0x00007f57c5180000)
  to   space 6057472K, 0% used [0x00007f57ce480000,0x00007f57ce480000,0x00007f5940000000)
 ParOldGen       total 37547008K, used 17965760K [0x00007f4bd2800000, 0x00007f54c6300000, 0x00007f54c6300000)
  object space 37547008K, 47% used [0x00007f4bd2800000,0x00007f501b0b01a0,0x00007f54c6300000)
 Metaspace       used 12894K, capacity 13293K, committed 13568K, reserved 14336K
}
Event: 4294,251 GC heap before
{Heap before GC invocations=811 (full 25):
 PSYoungGen      total 12564992K, used 10470464K [0x00007f54c6300000, 0x00007f5940000000, 0x00007f5940000000)
  eden space 6544384K, 100% used [0x00007f54c6300000,0x00007f5655a00000,0x00007f5655a00000)
  from space 6020608K, 65% used [0x00007f5655a00000,0x00007f5745410030,0x00007f57c5180000)
  to   space 6057472K, 0% used [0x00007f57ce480000,0x00007f57ce480000,0x00007f5940000000)
 ParOldGen       total 37547008K, used 17965760K [0x00007f4bd2800000, 0x00007f54c6300000, 0x00007f54c6300000)
  object space 37547008K, 47% used [0x00007f4bd2800000,0x00007f501b0b01a0,0x00007f54c6300000)
 Metaspace       used 12894K, capacity 13293K, committed 13568K, reserved 14336K
Event: 4296,269 GC heap after
Heap after GC invocations=811 (full 25):
 PSYoungGen      total 12618240K, used 3672736K [0x00007f54c6300000, 0x00007f5937d00000, 0x00007f5940000000)
  eden space 6694912K, 0% used [0x00007f54c6300000,0x00007f54c6300000,0x00007f565ed00000)
  from space 5923328K, 62% used [0x00007f57ce480000,0x00007f58ae728048,0x00007f5937d00000)
  to   space 5971968K, 0% used [0x00007f565ed00000,0x00007f565ed00000,0x00007f57cb500000)
 ParOldGen       total 37547008K, used 19681616K [0x00007f4bd2800000, 0x00007f54c6300000, 0x00007f54c6300000)
  object space 37547008K, 52% used [0x00007f4bd2800000,0x00007f5083c541a0,0x00007f54c6300000)
 Metaspace       used 12894K, capacity 13293K, committed 13568K, reserved 14336K
}
Event: 4299,608 GC heap before
{Heap before GC invocations=812 (full 25):
 PSYoungGen      total 12618240K, used 10367648K [0x00007f54c6300000, 0x00007f5937d00000, 0x00007f5940000000)
  eden space 6694912K, 100% used [0x00007f54c6300000,0x00007f565ed00000,0x00007f565ed00000)
  from space 5923328K, 62% used [0x00007f57ce480000,0x00007f58ae728048,0x00007f5937d00000)
  to   space 5971968K, 0% used [0x00007f565ed00000,0x00007f565ed00000,0x00007f57cb500000)
 ParOldGen       total 37547008K, used 19681616K [0x00007f4bd2800000, 0x00007f54c6300000, 0x00007f54c6300000)
  object space 37547008K, 52% used [0x00007f4bd2800000,0x00007f5083c541a0,0x00007f54c6300000)
 Metaspace       used 12894K, capacity 13293K, committed 13568K, reserved 14336K
Event: 4299,971 GC heap after
Heap after GC invocations=812 (full 25):
 PSYoungGen      total 12666880K, used 772928K [0x00007f54c6300000, 0x00007f5940000000, 0x00007f5940000000)
  eden space 6694912K, 0% used [0x00007f54c6300000,0x00007f54c6300000,0x00007f565ed00000)
  from space 5971968K, 12% used [0x00007f565ed00000,0x00007f568dfd0018,0x00007f57cb500000)
  to   space 6097408K, 0% used [0x00007f57cbd80000,0x00007f57cbd80000,0x00007f5940000000)
 ParOldGen       total 37547008K, used 19682280K [0x00007f4bd2800000, 0x00007f54c6300000, 0x00007f54c6300000)
  object space 37547008K, 52% used [0x00007f4bd2800000,0x00007f5083cfa1a0,0x00007f54c6300000)
 Metaspace       used 12894K, capacity 13293K, committed 13568K, reserved 14336K
}
Event: 4304,252 GC heap before
{Heap before GC invocations=813 (full 25):
 PSYoungGen      total 12666880K, used 7467840K [0x00007f54c6300000, 0x00007f5940000000, 0x00007f5940000000)
  eden space 6694912K, 100% used [0x00007f54c6300000,0x00007f565ed00000,0x00007f565ed00000)
  from space 5971968K, 12% used [0x00007f565ed00000,0x00007f568dfd0018,0x00007f57cb500000)
  to   space 6097408K, 0% used [0x00007f57cbd80000,0x00007f57cbd80000,0x00007f5940000000)
 ParOldGen       total 37547008K, used 19682280K [0x00007f4bd2800000, 0x00007f54c6300000, 0x00007f54c6300000)
  object space 37547008K, 52% used [0x00007f4bd2800000,0x00007f5083cfa1a0,0x00007f54c6300000)
 Metaspace       used 12894K, capacity 13293K, committed 13568K, reserved 14336K
Event: 4305,736 GC heap after
Heap after GC invocations=813 (full 25):
 PSYoungGen      total 12457472K, used 4076864K [0x00007f54c6300000, 0x00007f5940000000, 0x00007f5940000000)
  eden space 6360064K, 0% used [0x00007f54c6300000,0x00007f54c6300000,0x00007f564a600000)
  from space 6097408K, 66% used [0x00007f57cbd80000,0x00007f58c4ad0030,0x00007f5940000000)
  to   space 6206464K, 0% used [0x00007f564a600000,0x00007f564a600000,0x00007f57c5300000)
 ParOldGen       total 37547008K, used 20455880K [0x00007f4bd2800000, 0x00007f54c6300000, 0x00007f54c6300000)
  object space 37547008K, 54% used [0x00007f4bd2800000,0x00007f50b30721b8,0x00007f54c6300000)
 Metaspace       used 12894K, capacity 13293K, committed 13568K, reserved 14336K
}
Event: 4309,245 GC heap before
{Heap before GC invocations=814 (full 25):
 PSYoungGen      total 12457472K, used 10436928K [0x00007f54c6300000, 0x00007f5940000000, 0x00007f5940000000)
  eden space 6360064K, 100% used [0x00007f54c6300000,0x00007f564a600000,0x00007f564a600000)
  from space 6097408K, 66% used [0x00007f57cbd80000,0x00007f58c4ad0030,0x00007f5940000000)
  to   space 6206464K, 0% used [0x00007f564a600000,0x00007f564a600000,0x00007f57c5300000)
 ParOldGen       total 37547008K, used 20455880K [0x00007f4bd2800000, 0x00007f54c6300000, 0x00007f54c6300000)
  object space 37547008K, 54% used [0x00007f4bd2800000,0x00007f50b30721b8,0x00007f54c6300000)
 Metaspace       used 12894K, capacity 13293K, committed 13568K, reserved 14336K
Event: 4312,809 GC heap after
Heap after GC invocations=814 (full 25):
 PSYoungGen      total 9510912K, used 3150752K [0x00007f54c6300000, 0x00007f5925080000, 0x00007f5940000000)
  eden space 6360064K, 0% used [0x00007f54c6300000,0x00007f54c6300000,0x00007f564a600000)
  from space 3150848K, 99% used [0x00007f564a600000,0x00007f570aae8030,0x00007f570ab00000)
  to   space 5931008K, 0% used [0x00007f57bb080000,0x00007f57bb080000,0x00007f5925080000)
 ParOldGen       total 37547008K, used 22313984K [0x00007f4bd2800000, 0x00007f54c6300000, 0x00007f54c6300000)
  object space 37547008K, 59% used [0x00007f4bd2800000,0x00007f51247001b8,0x00007f54c6300000)
 Metaspace       used 12894K, capacity 13293K, committed 13568K, reserved 14336K
}
Event: 4319,530 GC heap before
{Heap before GC invocations=815 (full 25):
 PSYoungGen      total 9510912K, used 9271580K [0x00007f54c6300000, 0x00007f5925080000, 0x00007f5940000000)
  eden space 6360064K, 96% used [0x00007f54c6300000,0x00007f563bc5f0f0,0x00007f564a600000)
  from space 3150848K, 99% used [0x00007f564a600000,0x00007f570aae8030,0x00007f570ab00000)
  to   space 5931008K, 0% used [0x00007f57bb080000,0x00007f57bb080000,0x00007f5925080000)
 ParOldGen       total 37547008K, used 22313984K [0x00007f4bd2800000, 0x00007f54c6300000, 0x00007f54c6300000)
  object space 37547008K, 59% used [0x00007f4bd2800000,0x00007f51247001b8,0x00007f54c6300000)
 Metaspace       used 12894K, capacity 13293K, committed 13568K, reserved 14336K

