# JRE version: Java(TM) SE Runtime Environment (8.0_92-b14) (build 1.8.0_92-b14)
# Java VM: Java HotSpot(TM) 64-Bit Server VM (25.92-b14 mixed mode linux-amd64 )
Heap:
 PSYoungGen      total 16852992K, used 0K [0x00007f07af300000, 0x00007f0c29000000, 0x00007f0c29000000)
  eden space 14932992K, 0% used [0x00007f07af300000,0x00007f07af300000,0x00007f0b3ea00000)
  from space 1920000K, 0% used [0x00007f0bb3d00000,0x00007f0bb3d00000,0x00007f0c29000000)
  to   space 1920000K, 0% used [0x00007f0b3ea00000,0x00007f0b3ea00000,0x00007f0bb3d00000)
 ParOldGen       total 30720000K, used 19994486K [0x00007efebb800000, 0x00007f060e800000, 0x00007f07af300000)
  object space 30720000K, 65% used [0x00007efebb800000,0x00007f037fdddbf8,0x00007f060e800000)
 Metaspace       used 9927K, capacity 10278K, committed 10496K, reserved 12288K
GC Heap History (9 events):
Event: 27,454 GC heap before
{Heap before GC invocations=1 (full 0):
 PSYoungGen      total 13440000K, used 11520000K [0x00007f07af300000, 0x00007f0b58b00000, 0x00007f0c29000000)
  eden space 11520000K, 100% used [0x00007f07af300000,0x00007f0a6e500000,0x00007f0a6e500000)
  from space 1920000K, 0% used [0x00007f0ae3800000,0x00007f0ae3800000,0x00007f0b58b00000)
  to   space 1920000K, 0% used [0x00007f0a6e500000,0x00007f0a6e500000,0x00007f0ae3800000)
 ParOldGen       total 30720000K, used 0K [0x00007efebb800000, 0x00007f060e800000, 0x00007f07af300000)
  object space 30720000K, 0% used [0x00007efebb800000,0x00007efebb800000,0x00007f060e800000)
 Metaspace       used 9888K, capacity 10278K, committed 10496K, reserved 12288K
Event: 29,037 GC heap after
Heap after GC invocations=1 (full 0):
 PSYoungGen      total 13440000K, used 1919984K [0x00007f07af300000, 0x00007f0c29000000, 0x00007f0c29000000)
  eden space 11520000K, 0% used [0x00007f07af300000,0x00007f07af300000,0x00007f0a6e500000)
  from space 1920000K, 99% used [0x00007f0a6e500000,0x00007f0ae37fc348,0x00007f0ae3800000)
  to   space 1920000K, 0% used [0x00007f0bb3d00000,0x00007f0bb3d00000,0x00007f0c29000000)
 ParOldGen       total 30720000K, used 1072627K [0x00007efebb800000, 0x00007f060e800000, 0x00007f07af300000)
  object space 30720000K, 3% used [0x00007efebb800000,0x00007efefcf7cff8,0x00007f060e800000)
 Metaspace       used 9888K, capacity 10278K, committed 10496K, reserved 12288K
}
Event: 74,781 GC heap before
{Heap before GC invocations=2 (full 0):
 PSYoungGen      total 13440000K, used 13439984K [0x00007f07af300000, 0x00007f0c29000000, 0x00007f0c29000000)
  eden space 11520000K, 100% used [0x00007f07af300000,0x00007f0a6e500000,0x00007f0a6e500000)
  from space 1920000K, 99% used [0x00007f0a6e500000,0x00007f0ae37fc348,0x00007f0ae3800000)
  to   space 1920000K, 0% used [0x00007f0bb3d00000,0x00007f0bb3d00000,0x00007f0c29000000)
 ParOldGen       total 30720000K, used 1072627K [0x00007efebb800000, 0x00007f060e800000, 0x00007f07af300000)
  object space 30720000K, 3% used [0x00007efebb800000,0x00007efefcf7cff8,0x00007f060e800000)
 Metaspace       used 9898K, capacity 10278K, committed 10496K, reserved 12288K
Event: 77,374 GC heap after
Heap after GC invocations=2 (full 0):
 PSYoungGen      total 16852992K, used 1919968K [0x00007f07af300000, 0x00007f0c29000000, 0x00007f0c29000000)
  eden space 14932992K, 0% used [0x00007f07af300000,0x00007f07af300000,0x00007f0b3ea00000)
  from space 1920000K, 99% used [0x00007f0bb3d00000,0x00007f0c28ff8240,0x00007f0c29000000)
  to   space 1920000K, 0% used [0x00007f0b3ea00000,0x00007f0b3ea00000,0x00007f0bb3d00000)
 ParOldGen       total 30720000K, used 6063427K [0x00007efebb800000, 0x00007f060e800000, 0x00007f07af300000)
  object space 30720000K, 19% used [0x00007efebb800000,0x00007f002d950f38,0x00007f060e800000)
 Metaspace       used 9898K, capacity 10278K, committed 10496K, reserved 12288K
}
Event: 132,715 GC heap before
{Heap before GC invocations=3 (full 0):
 PSYoungGen      total 16852992K, used 16852960K [0x00007f07af300000, 0x00007f0c29000000, 0x00007f0c29000000)
  eden space 14932992K, 100% used [0x00007f07af300000,0x00007f0b3ea00000,0x00007f0b3ea00000)
  from space 1920000K, 99% used [0x00007f0bb3d00000,0x00007f0c28ff8240,0x00007f0c29000000)
  to   space 1920000K, 0% used [0x00007f0b3ea00000,0x00007f0b3ea00000,0x00007f0bb3d00000)
 ParOldGen       total 30720000K, used 6063427K [0x00007efebb800000, 0x00007f060e800000, 0x00007f07af300000)
  object space 30720000K, 19% used [0x00007efebb800000,0x00007f002d950f38,0x00007f060e800000)
 Metaspace       used 9921K, capacity 10278K, committed 10496K, reserved 12288K
Event: 142,430 GC heap after
Heap after GC invocations=3 (full 0):
 PSYoungGen      total 16852992K, used 1919996K [0x00007f07af300000, 0x00007f0c29000000, 0x00007f0c29000000)
  eden space 14932992K, 0% used [0x00007f07af300000,0x00007f07af300000,0x00007f0b3ea00000)
  from space 1920000K, 99% used [0x00007f0b3ea00000,0x00007f0bb3cff1c0,0x00007f0bb3d00000)
  to   space 1920000K, 0% used [0x00007f0bb3d00000,0x00007f0bb3d00000,0x00007f0c29000000)
 ParOldGen       total 30720000K, used 12837295K [0x00007efebb800000, 0x00007f060e800000, 0x00007f07af300000)
  object space 30720000K, 41% used [0x00007efebb800000,0x00007f01cb06bcf8,0x00007f060e800000)
 Metaspace       used 9921K, capacity 10278K, committed 10496K, reserved 12288K
}
Event: 217,898 GC heap before
{Heap before GC invocations=4 (full 0):
 PSYoungGen      total 16852992K, used 16852988K [0x00007f07af300000, 0x00007f0c29000000, 0x00007f0c29000000)
  eden space 14932992K, 100% used [0x00007f07af300000,0x00007f0b3ea00000,0x00007f0b3ea00000)
  from space 1920000K, 99% used [0x00007f0b3ea00000,0x00007f0bb3cff1c0,0x00007f0bb3d00000)
  to   space 1920000K, 0% used [0x00007f0bb3d00000,0x00007f0bb3d00000,0x00007f0c29000000)
 ParOldGen       total 30720000K, used 12837295K [0x00007efebb800000, 0x00007f060e800000, 0x00007f07af300000)
  object space 30720000K, 41% used [0x00007efebb800000,0x00007f01cb06bcf8,0x00007f060e800000)
 Metaspace       used 9927K, capacity 10278K, committed 10496K, reserved 12288K
Event: 230,096 GC heap after
Heap after GC invocations=4 (full 0):
 PSYoungGen      total 16852992K, used 1919984K [0x00007f07af300000, 0x00007f0c29000000, 0x00007f0c29000000)
  eden space 14932992K, 0% used [0x00007f07af300000,0x00007f07af300000,0x00007f0b3ea00000)
  from space 1920000K, 99% used [0x00007f0bb3d00000,0x00007f0c28ffc208,0x00007f0c29000000)
  to   space 1920000K, 0% used [0x00007f0b3ea00000,0x00007f0b3ea00000,0x00007f0bb3d00000)
 ParOldGen       total 30720000K, used 20526385K [0x00007efebb800000, 0x00007f060e800000, 0x00007f07af300000)
  object space 30720000K, 66% used [0x00007efebb800000,0x00007f03a054c550,0x00007f060e800000)
 Metaspace       used 9927K, capacity 10278K, committed 10496K, reserved 12288K
}
Event: 230,097 GC heap before
{Heap before GC invocations=5 (full 1):
 PSYoungGen      total 16852992K, used 1919984K [0x00007f07af300000, 0x00007f0c29000000, 0x00007f0c29000000)
  eden space 14932992K, 0% used [0x00007f07af300000,0x00007f07af300000,0x00007f0b3ea00000)
  from space 1920000K, 99% used [0x00007f0bb3d00000,0x00007f0c28ffc208,0x00007f0c29000000)
  to   space 1920000K, 0% used [0x00007f0b3ea00000,0x00007f0b3ea00000,0x00007f0bb3d00000)
 ParOldGen       total 30720000K, used 20526385K [0x00007efebb800000, 0x00007f060e800000, 0x00007f07af300000)
  object space 30720000K, 66% used [0x00007efebb800000,0x00007f03a054c550,0x00007f060e800000)
 Metaspace       used 9927K, capacity 10278K, committed 10496K, reserved 12288K

