# JRE version: Java(TM) SE Runtime Environment (8.0_92-b14) (build 1.8.0_92-b14)
# Java VM: Java HotSpot(TM) 64-Bit Server VM (25.92-b14 mixed mode linux-amd64 )
Heap:
 PSYoungGen      total 6755328K, used 0K [0x00007f6c9b180000, 0x00007f70acc00000, 0x00007f70acc00000)
  eden space 5688832K, 0% used [0x00007f6c9b180000,0x00007f6c9b180000,0x00007f6df6500000)
  from space 1066496K, 0% used [0x00007f706ba80000,0x00007f706ba80000,0x00007f70acc00000)
  to   space 5688832K, 0% used [0x00007f6df6500000,0x00007f6df6500000,0x00007f6f51880000)
 ParOldGen       total 17067008K, used 13657026K [0x00007f6477c00000, 0x00007f6889700000, 0x00007f6c9b180000)
  object space 17067008K, 80% used [0x00007f6477c00000,0x00007f67b94f0b20,0x00007f6889700000)
 Metaspace       used 9973K, capacity 10324K, committed 10496K, reserved 12288K
GC Heap History (10 events):
Event: 9,046 GC heap after
Heap after GC invocations=2 (full 0):
 PSYoungGen      total 13866496K, used 208472K [0x00007f6c9b180000, 0x00007f702a880000, 0x00007f70acc00000)
  eden space 12800000K, 0% used [0x00007f6c9b180000,0x00007f6c9b180000,0x00007f6fa8580000)
  from space 1066496K, 19% used [0x00007f6fe9700000,0x00007f6ff6296380,0x00007f702a880000)
  to   space 1066496K, 0% used [0x00007f6fa8580000,0x00007f6fa8580000,0x00007f6fe9700000)
 ParOldGen       total 17067008K, used 24K [0x00007f6477c00000, 0x00007f6889700000, 0x00007f6c9b180000)
  object space 17067008K, 0% used [0x00007f6477c00000,0x00007f6477c06000,0x00007f6889700000)
 Metaspace       used 9646K, capacity 10004K, committed 10240K, reserved 10240K
}
Event: 33,891 GC heap before
{Heap before GC invocations=3 (full 0):
 PSYoungGen      total 13866496K, used 13008472K [0x00007f6c9b180000, 0x00007f702a880000, 0x00007f70acc00000)
  eden space 12800000K, 100% used [0x00007f6c9b180000,0x00007f6fa8580000,0x00007f6fa8580000)
  from space 1066496K, 19% used [0x00007f6fe9700000,0x00007f6ff6296380,0x00007f702a880000)
  to   space 1066496K, 0% used [0x00007f6fa8580000,0x00007f6fa8580000,0x00007f6fe9700000)
 ParOldGen       total 17067008K, used 24K [0x00007f6477c00000, 0x00007f6889700000, 0x00007f6c9b180000)
  object space 17067008K, 0% used [0x00007f6477c00000,0x00007f6477c06000,0x00007f6889700000)
 Metaspace       used 9936K, capacity 10260K, committed 10496K, reserved 12288K
Event: 36,292 GC heap after
Heap after GC invocations=3 (full 0):
 PSYoungGen      total 13866496K, used 1066469K [0x00007f6c9b180000, 0x00007f70acc00000, 0x00007f70acc00000)
  eden space 12800000K, 0% used [0x00007f6c9b180000,0x00007f6c9b180000,0x00007f6fa8580000)
  from space 1066496K, 99% used [0x00007f6fa8580000,0x00007f6fe96f9720,0x00007f6fe9700000)
  to   space 1066496K, 0% used [0x00007f706ba80000,0x00007f706ba80000,0x00007f70acc00000)
 ParOldGen       total 17067008K, used 2078411K [0x00007f6477c00000, 0x00007f6889700000, 0x00007f6c9b180000)
  object space 17067008K, 12% used [0x00007f6477c00000,0x00007f64f69b2ea8,0x00007f6889700000)
 Metaspace       used 9936K, capacity 10260K, committed 10496K, reserved 12288K
}
Event: 75,796 GC heap before
{Heap before GC invocations=4 (full 0):
 PSYoungGen      total 13866496K, used 13866469K [0x00007f6c9b180000, 0x00007f70acc00000, 0x00007f70acc00000)
  eden space 12800000K, 100% used [0x00007f6c9b180000,0x00007f6fa8580000,0x00007f6fa8580000)
  from space 1066496K, 99% used [0x00007f6fa8580000,0x00007f6fe96f9720,0x00007f6fe9700000)
  to   space 1066496K, 0% used [0x00007f706ba80000,0x00007f706ba80000,0x00007f70acc00000)
 ParOldGen       total 17067008K, used 2078411K [0x00007f6477c00000, 0x00007f6889700000, 0x00007f6c9b180000)
  object space 17067008K, 12% used [0x00007f6477c00000,0x00007f64f69b2ea8,0x00007f6889700000)
 Metaspace       used 9947K, capacity 10260K, committed 10496K, reserved 12288K
Event: 79,565 GC heap after
Heap after GC invocations=4 (full 0):
 PSYoungGen      total 16000000K, used 1066464K [0x00007f6c9b180000, 0x00007f70acc00000, 0x00007f70acc00000)
  eden space 14933504K, 0% used [0x00007f6c9b180000,0x00007f6c9b180000,0x00007f702a900000)
  from space 1066496K, 99% used [0x00007f706ba80000,0x00007f70acbf8018,0x00007f70acc00000)
  to   space 1066496K, 0% used [0x00007f702a900000,0x00007f702a900000,0x00007f706ba80000)
 ParOldGen       total 17067008K, used 5806763K [0x00007f6477c00000, 0x00007f6889700000, 0x00007f6c9b180000)
  object space 17067008K, 34% used [0x00007f6477c00000,0x00007f65da2aac30,0x00007f6889700000)
 Metaspace       used 9947K, capacity 10260K, committed 10496K, reserved 12288K
}
Event: 132,535 GC heap before
{Heap before GC invocations=5 (full 0):
 PSYoungGen      total 16000000K, used 15999968K [0x00007f6c9b180000, 0x00007f70acc00000, 0x00007f70acc00000)
  eden space 14933504K, 100% used [0x00007f6c9b180000,0x00007f702a900000,0x00007f702a900000)
  from space 1066496K, 99% used [0x00007f706ba80000,0x00007f70acbf8018,0x00007f70acc00000)
  to   space 1066496K, 0% used [0x00007f702a900000,0x00007f702a900000,0x00007f706ba80000)
 ParOldGen       total 17067008K, used 5806763K [0x00007f6477c00000, 0x00007f6889700000, 0x00007f6c9b180000)
  object space 17067008K, 34% used [0x00007f6477c00000,0x00007f65da2aac30,0x00007f6889700000)
 Metaspace       used 9964K, capacity 10324K, committed 10496K, reserved 12288K
Event: 136,925 GC heap after
Heap after GC invocations=5 (full 0):
 PSYoungGen      total 16000000K, used 1066464K [0x00007f6c9b180000, 0x00007f70acc00000, 0x00007f70acc00000)
  eden space 14933504K, 0% used [0x00007f6c9b180000,0x00007f6c9b180000,0x00007f702a900000)
  from space 1066496K, 99% used [0x00007f702a900000,0x00007f706ba78018,0x00007f706ba80000)
  to   space 1066496K, 0% used [0x00007f706ba80000,0x00007f706ba80000,0x00007f70acc00000)
 ParOldGen       total 17067008K, used 10662748K [0x00007f6477c00000, 0x00007f6889700000, 0x00007f6c9b180000)
  object space 17067008K, 62% used [0x00007f6477c00000,0x00007f67028d7200,0x00007f6889700000)
 Metaspace       used 9964K, capacity 10324K, committed 10496K, reserved 12288K
}
Event: 186,044 GC heap before
{Heap before GC invocations=6 (full 0):
 PSYoungGen      total 16000000K, used 15999968K [0x00007f6c9b180000, 0x00007f70acc00000, 0x00007f70acc00000)
  eden space 14933504K, 100% used [0x00007f6c9b180000,0x00007f702a900000,0x00007f702a900000)
  from space 1066496K, 99% used [0x00007f702a900000,0x00007f706ba78018,0x00007f706ba80000)
  to   space 1066496K, 0% used [0x00007f706ba80000,0x00007f706ba80000,0x00007f70acc00000)
 ParOldGen       total 17067008K, used 10662748K [0x00007f6477c00000, 0x00007f6889700000, 0x00007f6c9b180000)
  object space 17067008K, 62% used [0x00007f6477c00000,0x00007f67028d7200,0x00007f6889700000)
 Metaspace       used 9973K, capacity 10324K, committed 10496K, reserved 12288K
Event: 190,401 GC heap after
Heap after GC invocations=6 (full 0):
 PSYoungGen      total 6755328K, used 1066464K [0x00007f6c9b180000, 0x00007f70acc00000, 0x00007f70acc00000)
  eden space 5688832K, 0% used [0x00007f6c9b180000,0x00007f6c9b180000,0x00007f6df6500000)
  from space 1066496K, 99% used [0x00007f706ba80000,0x00007f70acbf8018,0x00007f70acc00000)
  to   space 5688832K, 0% used [0x00007f6df6500000,0x00007f6df6500000,0x00007f6f51880000)
 ParOldGen       total 17067008K, used 15802068K [0x00007f6477c00000, 0x00007f6889700000, 0x00007f6c9b180000)
  object space 17067008K, 92% used [0x00007f6477c00000,0x00007f683c3b5350,0x00007f6889700000)
 Metaspace       used 9973K, capacity 10324K, committed 10496K, reserved 12288K
}
Event: 190,401 GC heap before
{Heap before GC invocations=7 (full 1):
 PSYoungGen      total 6755328K, used 1066464K [0x00007f6c9b180000, 0x00007f70acc00000, 0x00007f70acc00000)
  eden space 5688832K, 0% used [0x00007f6c9b180000,0x00007f6c9b180000,0x00007f6df6500000)
  from space 1066496K, 99% used [0x00007f706ba80000,0x00007f70acbf8018,0x00007f70acc00000)
  to   space 5688832K, 0% used [0x00007f6df6500000,0x00007f6df6500000,0x00007f6f51880000)
 ParOldGen       total 17067008K, used 15802068K [0x00007f6477c00000, 0x00007f6889700000, 0x00007f6c9b180000)
  object space 17067008K, 92% used [0x00007f6477c00000,0x00007f683c3b5350,0x00007f6889700000)
 Metaspace       used 9973K, capacity 10324K, committed 10496K, reserved 12288K

