# JRE version: Java(TM) SE Runtime Environment (8.0_92-b14) (build 1.8.0_92-b14)
# Java VM: Java HotSpot(TM) 64-Bit Server VM (25.92-b14 mixed mode linux-amd64 )
Heap:
 PSYoungGen      total 8208384K, used 35374K [0x00007fd5bfb00000, 0x00007fd7ba380000, 0x00007fd901000000)
  eden space 8165376K, 0% used [0x00007fd5bfb00000,0x00007fd5bfb00000,0x00007fd7b2100000)
  from space 43008K, 82% used [0x00007fd7b7980000,0x00007fd7b9c0b898,0x00007fd7ba380000)
  to   space 43520K, 0% used [0x00007fd7b2100000,0x00007fd7b2100000,0x00007fd7b4b80000)
 ParOldGen       total 1330688K, used 1169231K [0x00007fcf3d000000, 0x00007fcf8e380000, 0x00007fd5bfb00000)
  object space 1330688K, 87% used [0x00007fcf3d000000,0x00007fcf845d3d40,0x00007fcf8e380000)
 Metaspace       used 9836K, capacity 10160K, committed 10240K, reserved 10240K
GC Heap History (10 events):
Event: 1478,079 GC heap after
Heap after GC invocations=909 (full 9):
 PSYoungGen      total 8126464K, used 36174K [0x00007fd5bfb00000, 0x00007fd7b5080000, 0x00007fd901000000)
  eden space 8079360K, 0% used [0x00007fd5bfb00000,0x00007fd5bfb00000,0x00007fd7acd00000)
  from space 47104K, 76% used [0x00007fd7acd00000,0x00007fd7af053898,0x00007fd7afb00000)
  to   space 46080K, 0% used [0x00007fd7b2380000,0x00007fd7b2380000,0x00007fd7b5080000)
 ParOldGen       total 1330688K, used 1156759K [0x00007fcf3d000000, 0x00007fcf8e380000, 0x00007fd5bfb00000)
  object space 1330688K, 86% used [0x00007fcf3d000000,0x00007fcf839a5d40,0x00007fcf8e380000)
 Metaspace       used 9836K, capacity 10160K, committed 10240K, reserved 10240K
}
Event: 1482,974 GC heap before
{Heap before GC invocations=910 (full 9):
 PSYoungGen      total 8126464K, used 8115534K [0x00007fd5bfb00000, 0x00007fd7b5080000, 0x00007fd901000000)
  eden space 8079360K, 100% used [0x00007fd5bfb00000,0x00007fd7acd00000,0x00007fd7acd00000)
  from space 47104K, 76% used [0x00007fd7acd00000,0x00007fd7af053898,0x00007fd7afb00000)
  to   space 46080K, 0% used [0x00007fd7b2380000,0x00007fd7b2380000,0x00007fd7b5080000)
 ParOldGen       total 1330688K, used 1156759K [0x00007fcf3d000000, 0x00007fcf8e380000, 0x00007fd5bfb00000)
  object space 1330688K, 86% used [0x00007fcf3d000000,0x00007fcf839a5d40,0x00007fcf8e380000)
 Metaspace       used 9836K, capacity 10160K, committed 10240K, reserved 10240K
Event: 1483,006 GC heap after
Heap after GC invocations=910 (full 9):
 PSYoungGen      total 8165888K, used 34990K [0x00007fd5bfb00000, 0x00007fd7b4e80000, 0x00007fd901000000)
  eden space 8121856K, 0% used [0x00007fd5bfb00000,0x00007fd5bfb00000,0x00007fd7af680000)
  from space 44032K, 79% used [0x00007fd7b2380000,0x00007fd7b45ab898,0x00007fd7b4e80000)
  to   space 45056K, 0% used [0x00007fd7af680000,0x00007fd7af680000,0x00007fd7b2280000)
 ParOldGen       total 1330688K, used 1159999K [0x00007fcf3d000000, 0x00007fcf8e380000, 0x00007fd5bfb00000)
  object space 1330688K, 87% used [0x00007fcf3d000000,0x00007fcf83ccfd40,0x00007fcf8e380000)
 Metaspace       used 9836K, capacity 10160K, committed 10240K, reserved 10240K
}
Event: 1487,921 GC heap before
{Heap before GC invocations=911 (full 9):
 PSYoungGen      total 8165888K, used 8156846K [0x00007fd5bfb00000, 0x00007fd7b4e80000, 0x00007fd901000000)
  eden space 8121856K, 100% used [0x00007fd5bfb00000,0x00007fd7af680000,0x00007fd7af680000)
  from space 44032K, 79% used [0x00007fd7b2380000,0x00007fd7b45ab898,0x00007fd7b4e80000)
  to   space 45056K, 0% used [0x00007fd7af680000,0x00007fd7af680000,0x00007fd7b2280000)
 ParOldGen       total 1330688K, used 1159999K [0x00007fcf3d000000, 0x00007fcf8e380000, 0x00007fd5bfb00000)
  object space 1330688K, 87% used [0x00007fcf3d000000,0x00007fcf83ccfd40,0x00007fcf8e380000)
 Metaspace       used 9836K, capacity 10160K, committed 10240K, reserved 10240K
Event: 1487,957 GC heap after
Heap after GC invocations=911 (full 9):
 PSYoungGen      total 8166912K, used 34894K [0x00007fd5bfb00000, 0x00007fd7b7700000, 0x00007fd901000000)
  eden space 8121856K, 0% used [0x00007fd5bfb00000,0x00007fd5bfb00000,0x00007fd7af680000)
  from space 45056K, 77% used [0x00007fd7af680000,0x00007fd7b1893898,0x00007fd7b2280000)
  to   space 44032K, 0% used [0x00007fd7b4c00000,0x00007fd7b4c00000,0x00007fd7b7700000)
 ParOldGen       total 1330688K, used 1162327K [0x00007fcf3d000000, 0x00007fcf8e380000, 0x00007fd5bfb00000)
  object space 1330688K, 87% used [0x00007fcf3d000000,0x00007fcf83f15d40,0x00007fcf8e380000)
 Metaspace       used 9836K, capacity 10160K, committed 10240K, reserved 10240K
}
Event: 1493,481 GC heap before
{Heap before GC invocations=912 (full 9):
 PSYoungGen      total 8166912K, used 8156750K [0x00007fd5bfb00000, 0x00007fd7b7700000, 0x00007fd901000000)
  eden space 8121856K, 100% used [0x00007fd5bfb00000,0x00007fd7af680000,0x00007fd7af680000)
  from space 45056K, 77% used [0x00007fd7af680000,0x00007fd7b1893898,0x00007fd7b2280000)
  to   space 44032K, 0% used [0x00007fd7b4c00000,0x00007fd7b4c00000,0x00007fd7b7700000)
 ParOldGen       total 1330688K, used 1162327K [0x00007fcf3d000000, 0x00007fcf8e380000, 0x00007fd5bfb00000)
  object space 1330688K, 87% used [0x00007fcf3d000000,0x00007fcf83f15d40,0x00007fcf8e380000)
 Metaspace       used 9836K, capacity 10160K, committed 10240K, reserved 10240K
Event: 1493,518 GC heap after
Heap after GC invocations=912 (full 9):
 PSYoungGen      total 8208384K, used 35278K [0x00007fd5bfb00000, 0x00007fd7b7600000, 0x00007fd901000000)
  eden space 8165376K, 0% used [0x00007fd5bfb00000,0x00007fd5bfb00000,0x00007fd7b2100000)
  from space 43008K, 82% used [0x00007fd7b4c00000,0x00007fd7b6e73898,0x00007fd7b7600000)
  to   space 43520K, 0% used [0x00007fd7b2100000,0x00007fd7b2100000,0x00007fd7b4b80000)
 ParOldGen       total 1330688K, used 1164503K [0x00007fcf3d000000, 0x00007fcf8e380000, 0x00007fd5bfb00000)
  object space 1330688K, 87% used [0x00007fcf3d000000,0x00007fcf84135d40,0x00007fcf8e380000)
 Metaspace       used 9836K, capacity 10160K, committed 10240K, reserved 10240K
}
Event: 1499,980 GC heap before
{Heap before GC invocations=913 (full 9):
 PSYoungGen      total 8208384K, used 8200654K [0x00007fd5bfb00000, 0x00007fd7b7600000, 0x00007fd901000000)
  eden space 8165376K, 100% used [0x00007fd5bfb00000,0x00007fd7b2100000,0x00007fd7b2100000)
  from space 43008K, 82% used [0x00007fd7b4c00000,0x00007fd7b6e73898,0x00007fd7b7600000)
  to   space 43520K, 0% used [0x00007fd7b2100000,0x00007fd7b2100000,0x00007fd7b4b80000)
 ParOldGen       total 1330688K, used 1164503K [0x00007fcf3d000000, 0x00007fcf8e380000, 0x00007fd5bfb00000)
  object space 1330688K, 87% used [0x00007fcf3d000000,0x00007fcf84135d40,0x00007fcf8e380000)
 Metaspace       used 9836K, capacity 10160K, committed 10240K, reserved 10240K
Event: 1500,041 GC heap after
Heap after GC invocations=913 (full 9):
 PSYoungGen      total 8208896K, used 35438K [0x00007fd5bfb00000, 0x00007fd7ba380000, 0x00007fd901000000)
  eden space 8165376K, 0% used [0x00007fd5bfb00000,0x00007fd5bfb00000,0x00007fd7b2100000)
  from space 43520K, 81% used [0x00007fd7b2100000,0x00007fd7b439b898,0x00007fd7b4b80000)
  to   space 43008K, 0% used [0x00007fd7b7980000,0x00007fd7b7980000,0x00007fd7ba380000)
 ParOldGen       total 1330688K, used 1166719K [0x00007fcf3d000000, 0x00007fcf8e380000, 0x00007fd5bfb00000)
  object space 1330688K, 87% used [0x00007fcf3d000000,0x00007fcf8435fd40,0x00007fcf8e380000)
 Metaspace       used 9836K, capacity 10160K, committed 10240K, reserved 10240K
}
Event: 1507,672 GC heap before
{Heap before GC invocations=914 (full 9):
 PSYoungGen      total 8208896K, used 8200814K [0x00007fd5bfb00000, 0x00007fd7ba380000, 0x00007fd901000000)
  eden space 8165376K, 100% used [0x00007fd5bfb00000,0x00007fd7b2100000,0x00007fd7b2100000)
  from space 43520K, 81% used [0x00007fd7b2100000,0x00007fd7b439b898,0x00007fd7b4b80000)
  to   space 43008K, 0% used [0x00007fd7b7980000,0x00007fd7b7980000,0x00007fd7ba380000)
 ParOldGen       total 1330688K, used 1166719K [0x00007fcf3d000000, 0x00007fcf8e380000, 0x00007fd5bfb00000)
  object space 1330688K, 87% used [0x00007fcf3d000000,0x00007fcf8435fd40,0x00007fcf8e380000)
 Metaspace       used 9836K, capacity 10160K, committed 10240K, reserved 10240K

