# JRE version: Java(TM) SE Runtime Environment (8.0_92-b14) (build 1.8.0_92-b14)
# Java VM: Java HotSpot(TM) 64-Bit Server VM (25.92-b14 mixed mode linux-amd64 )
Heap:
 PSYoungGen      total 8201728K, used 0K [0x00007fef36500000, 0x00007ff2bb680000, 0x00007ff3b0200000)
  eden space 1944064K, 0% used [0x00007fef36500000,0x00007fef36500000,0x00007fefacf80000)
  from space 6257664K, 0% used [0x00007fefacf80000,0x00007fefacf80000,0x00007ff12ae80000)
  to   space 6257664K, 0% used [0x00007ff13d780000,0x00007ff13d780000,0x00007ff2bb680000)
 ParOldGen       total 36273152K, used 33560914K [0x00007fe642a00000, 0x00007feee8900000, 0x00007fef36500000)
  object space 36273152K, 92% used [0x00007fe642a00000,0x00007fee43054a18,0x00007feee8900000)
 Metaspace       used 9349K, capacity 9712K, committed 9728K, reserved 10240K
GC Heap History (10 events):
Event: 342,599 GC heap after
Heap after GC invocations=40 (full 11):
 PSYoungGen      total 7586816K, used 0K [0x00007fef36500000, 0x00007ff256c80000, 0x00007ff3b0200000)
  eden space 2006016K, 0% used [0x00007fef36500000,0x00007fef36500000,0x00007fefb0c00000)
  from space 5580800K, 0% used [0x00007fefb0c00000,0x00007fefb0c00000,0x00007ff105600000)
  to   space 5379072K, 0% used [0x00007ff10e780000,0x00007ff10e780000,0x00007ff256c80000)
 ParOldGen       total 36273152K, used 29188260K [0x00007fe642a00000, 0x00007feee8900000, 0x00007fef36500000)
  object space 36273152K, 80% used [0x00007fe642a00000,0x00007fed38229168,0x00007feee8900000)
 Metaspace       used 9349K, capacity 9712K, committed 9728K, reserved 10240K
}
Event: 345,491 GC heap before
{Heap before GC invocations=41 (full 11):
 PSYoungGen      total 7586816K, used 2006016K [0x00007fef36500000, 0x00007ff256c80000, 0x00007ff3b0200000)
  eden space 2006016K, 100% used [0x00007fef36500000,0x00007fefb0c00000,0x00007fefb0c00000)
  from space 5580800K, 0% used [0x00007fefb0c00000,0x00007fefb0c00000,0x00007ff105600000)
  to   space 5379072K, 0% used [0x00007ff10e780000,0x00007ff10e780000,0x00007ff256c80000)
 ParOldGen       total 36273152K, used 31842468K [0x00007fe642a00000, 0x00007feee8900000, 0x00007fef36500000)
  object space 36273152K, 87% used [0x00007fe642a00000,0x00007fedda229180,0x00007feee8900000)
 Metaspace       used 9349K, capacity 9712K, committed 9728K, reserved 10240K
Event: 348,055 GC heap after
Heap after GC invocations=41 (full 11):
 PSYoungGen      total 7187968K, used 2009088K [0x00007fef36500000, 0x00007ff23a080000, 0x00007ff3b0200000)
  eden space 2279936K, 0% used [0x00007fef36500000,0x00007fef36500000,0x00007fefc1780000)
  from space 4908032K, 40% used [0x00007ff10e780000,0x00007ff189180000,0x00007ff23a080000)
  to   space 5181952K, 0% used [0x00007fefc1780000,0x00007fefc1780000,0x00007ff0fdc00000)
 ParOldGen       total 36273152K, used 31842468K [0x00007fe642a00000, 0x00007feee8900000, 0x00007fef36500000)
  object space 36273152K, 87% used [0x00007fe642a00000,0x00007fedda229180,0x00007feee8900000)
 Metaspace       used 9349K, capacity 9712K, committed 9728K, reserved 10240K
}
Event: 351,185 GC heap before
{Heap before GC invocations=42 (full 11):
 PSYoungGen      total 7187968K, used 4289024K [0x00007fef36500000, 0x00007ff23a080000, 0x00007ff3b0200000)
  eden space 2279936K, 100% used [0x00007fef36500000,0x00007fefc1780000,0x00007fefc1780000)
  from space 4908032K, 40% used [0x00007ff10e780000,0x00007ff189180000,0x00007ff23a080000)
  to   space 5181952K, 0% used [0x00007fefc1780000,0x00007fefc1780000,0x00007ff0fdc00000)
 ParOldGen       total 36273152K, used 31842468K [0x00007fe642a00000, 0x00007feee8900000, 0x00007fef36500000)
  object space 36273152K, 87% used [0x00007fe642a00000,0x00007fedda229180,0x00007feee8900000)
 Metaspace       used 9349K, capacity 9712K, committed 9728K, reserved 10240K
Event: 356,096 GC heap after
Heap after GC invocations=42 (full 11):
 PSYoungGen      total 7461888K, used 4292384K [0x00007fef36500000, 0x00007ff27fb80000, 0x00007ff3b0200000)
  eden space 2279936K, 0% used [0x00007fef36500000,0x00007fef36500000,0x00007fefc1780000)
  from space 5181952K, 82% used [0x00007fefc1780000,0x00007ff0c7748000,0x00007ff0fdc00000)
  to   space 5583872K, 0% used [0x00007ff12ae80000,0x00007ff12ae80000,0x00007ff27fb80000)
 ParOldGen       total 36273152K, used 31842468K [0x00007fe642a00000, 0x00007feee8900000, 0x00007fef36500000)
  object space 36273152K, 87% used [0x00007fe642a00000,0x00007fedda229180,0x00007feee8900000)
 Metaspace       used 9349K, capacity 9712K, committed 9728K, reserved 10240K
}
Event: 359,200 GC heap before
{Heap before GC invocations=43 (full 11):
 PSYoungGen      total 7461888K, used 6572319K [0x00007fef36500000, 0x00007ff27fb80000, 0x00007ff3b0200000)
  eden space 2279936K, 99% used [0x00007fef36500000,0x00007fefc177ffe8,0x00007fefc1780000)
  from space 5181952K, 82% used [0x00007fefc1780000,0x00007ff0c7748000,0x00007ff0fdc00000)
  to   space 5583872K, 0% used [0x00007ff12ae80000,0x00007ff12ae80000,0x00007ff27fb80000)
 ParOldGen       total 36273152K, used 31842468K [0x00007fe642a00000, 0x00007feee8900000, 0x00007fef36500000)
  object space 36273152K, 87% used [0x00007fe642a00000,0x00007fedda229180,0x00007feee8900000)
 Metaspace       used 9349K, capacity 9712K, committed 9728K, reserved 10240K
Event: 366,709 GC heap after
Heap after GC invocations=43 (full 11):
 PSYoungGen      total 7527936K, used 5583872K [0x00007fef36500000, 0x00007ff2d4300000, 0x00007ff3b0200000)
  eden space 1944064K, 0% used [0x00007fef36500000,0x00007fef36500000,0x00007fefacf80000)
  from space 5583872K, 100% used [0x00007ff12ae80000,0x00007ff27fb80000,0x00007ff27fb80000)
  to   space 6257664K, 0% used [0x00007fefacf80000,0x00007fefacf80000,0x00007ff12ae80000)
 ParOldGen       total 36273152K, used 32836660K [0x00007fe642a00000, 0x00007feee8900000, 0x00007fef36500000)
  object space 36273152K, 90% used [0x00007fe642a00000,0x00007fee16d0d180,0x00007feee8900000)
 Metaspace       used 9349K, capacity 9712K, committed 9728K, reserved 10240K
}
Event: 369,309 GC heap before
{Heap before GC invocations=44 (full 11):
 PSYoungGen      total 7527936K, used 7527936K [0x00007fef36500000, 0x00007ff2d4300000, 0x00007ff3b0200000)
  eden space 1944064K, 100% used [0x00007fef36500000,0x00007fefacf80000,0x00007fefacf80000)
  from space 5583872K, 100% used [0x00007ff12ae80000,0x00007ff27fb80000,0x00007ff27fb80000)
  to   space 6257664K, 0% used [0x00007fefacf80000,0x00007fefacf80000,0x00007ff12ae80000)
 ParOldGen       total 36273152K, used 32836660K [0x00007fe642a00000, 0x00007feee8900000, 0x00007fef36500000)
  object space 36273152K, 90% used [0x00007fe642a00000,0x00007fee16d0d180,0x00007feee8900000)
 Metaspace       used 9349K, capacity 9712K, committed 9728K, reserved 10240K
Event: 385,264 GC heap after
Heap after GC invocations=44 (full 11):
 PSYoungGen      total 8201728K, used 4230304K [0x00007fef36500000, 0x00007ff2bb680000, 0x00007ff3b0200000)
  eden space 1944064K, 0% used [0x00007fef36500000,0x00007fef36500000,0x00007fefacf80000)
  from space 6257664K, 67% used [0x00007fefacf80000,0x00007ff0af2a8000,0x00007ff12ae80000)
  to   space 6257664K, 0% used [0x00007ff13d780000,0x00007ff13d780000,0x00007ff2bb680000)
 ParOldGen       total 36273152K, used 36145244K [0x00007fe642a00000, 0x00007feee8900000, 0x00007fef36500000)
  object space 36273152K, 99% used [0x00007fe642a00000,0x00007feee0c17180,0x00007feee8900000)
 Metaspace       used 9349K, capacity 9712K, committed 9728K, reserved 10240K
}
Event: 385,264 GC heap before
{Heap before GC invocations=45 (full 12):
 PSYoungGen      total 8201728K, used 4230304K [0x00007fef36500000, 0x00007ff2bb680000, 0x00007ff3b0200000)
  eden space 1944064K, 0% used [0x00007fef36500000,0x00007fef36500000,0x00007fefacf80000)
  from space 6257664K, 67% used [0x00007fefacf80000,0x00007ff0af2a8000,0x00007ff12ae80000)
  to   space 6257664K, 0% used [0x00007ff13d780000,0x00007ff13d780000,0x00007ff2bb680000)
 ParOldGen       total 36273152K, used 36145244K [0x00007fe642a00000, 0x00007feee8900000, 0x00007fef36500000)
  object space 36273152K, 99% used [0x00007fe642a00000,0x00007feee0c17180,0x00007feee8900000)
 Metaspace       used 9349K, capacity 9712K, committed 9728K, reserved 10240K

